------------------------------------------------------------------------------------------------------------------------

[2020-10-19 18:01:03 #1 store] 
Database '/home/elene/Desktop/SI-bazpare/bets2021_zaharra-master.zip_expanded/bets2021_zaharra-master/Bets2021/src/main/resources/bets.temp' is opened by 4959@hppaviliongaming

[2020-10-19 18:01:03 #2 type.registry] 
New type domain.Event

[2020-10-19 18:01:03 #3 type] 
Type domain.Event is not enhanced.

[2020-10-19 18:01:03 #4 type.registry] 
New type domain.Bet

[2020-10-19 18:01:03 #5 type.registry] 
New type java.util.Vector<domain.Bet>

[2020-10-19 18:01:03 #6 type.registry] 
New type domain.Question

[2020-10-19 18:01:03 #7 type.registry] 
New type java.util.Vector<domain.Question>

[2020-10-19 18:01:03 #8 type] 
Type domain.Bet is not enhanced.

[2020-10-19 18:01:03 #9 type.registry] 
New type domain.Fee

[2020-10-19 18:01:03 #10 type.registry] 
New type domain.User

[2020-10-19 18:01:03 #11 type.registry] 
New type domain.RegisteredUser

[2020-10-19 18:01:03 #12 type] 
Type domain.Question is not enhanced.

[2020-10-19 18:01:03 #13 type.registry] 
New type java.util.Vector<domain.Fee>

[2020-10-19 18:01:03 #14 type] 
Type domain.Fee is not enhanced.

[2020-10-19 18:01:03 #15 type] 
Type domain.User is not enhanced.

[2020-10-19 18:01:03 #16 type] 
Type domain.RegisteredUser is not enhanced.

[2020-10-19 18:01:03 #17 type.registry] 
New type domain.Movement

[2020-10-19 18:01:03 #18 type.registry] 
New type java.util.Vector<domain.Movement>

[2020-10-19 18:01:03 #19 type] 
Type domain.Movement is not enhanced.

[2020-10-19 18:01:03 #20 type.registry] 
New type domain.Admin

[2020-10-19 18:01:03 #21 type] 
Type domain.Admin is not enhanced.

[2020-10-19 18:01:03 #22 type.registry] 
New type java.util.Vector<java.lang.Object>

------------------------------------------------------------------------------------------------------------------------

[2020-10-19 18:02:52 #1 store] 
Database '/home/elene/Desktop/SI-bazpare/bets2021_zaharra-master.zip_expanded/bets2021_zaharra-master/Bets2021/src/main/resources/bets.temp' is opened by 5071@hppaviliongaming

[2020-10-19 18:02:53 #2 type.registry] 
New type domain.Event

[2020-10-19 18:02:53 #3 type] 
Type domain.Event is not enhanced.

[2020-10-19 18:02:53 #4 type.registry] 
New type domain.Bet

[2020-10-19 18:02:53 #5 type.registry] 
New type java.util.Vector<domain.Bet>

[2020-10-19 18:02:53 #6 type.registry] 
New type domain.Question

[2020-10-19 18:02:53 #7 type.registry] 
New type java.util.Vector<domain.Question>

[2020-10-19 18:02:53 #8 type] 
Type domain.Bet is not enhanced.

[2020-10-19 18:02:53 #9 type.registry] 
New type domain.Fee

[2020-10-19 18:02:53 #10 type.registry] 
New type domain.User

[2020-10-19 18:02:53 #11 type.registry] 
New type domain.RegisteredUser

[2020-10-19 18:02:53 #12 type] 
Type domain.Question is not enhanced.

[2020-10-19 18:02:53 #13 type.registry] 
New type java.util.Vector<domain.Fee>

[2020-10-19 18:02:53 #14 type] 
Type domain.Fee is not enhanced.

[2020-10-19 18:02:53 #15 type] 
Type domain.User is not enhanced.

[2020-10-19 18:02:53 #16 type] 
Type domain.RegisteredUser is not enhanced.

[2020-10-19 18:02:53 #17 type.registry] 
New type domain.Movement

[2020-10-19 18:02:53 #18 type.registry] 
New type java.util.Vector<domain.Movement>

[2020-10-19 18:02:53 #19 type] 
Type domain.Movement is not enhanced.

[2020-10-19 18:02:53 #20 type.registry] 
New type domain.Admin

[2020-10-19 18:02:53 #21 type] 
Type domain.Admin is not enhanced.

[2020-10-19 18:02:53 #22 type.registry] 
New type java.util.Vector<java.lang.Object>

------------------------------------------------------------------------------------------------------------------------

[2020-10-19 18:04:50 #1 store] 
Database '/home/elene/Desktop/SI-bazpare/bets2021_zaharra-master.zip_expanded/bets2021_zaharra-master/Bets2021/src/main/resources/bets.temp' is opened by 5146@hppaviliongaming

[2020-10-19 18:04:51 #2 type.registry] 
New type domain.Event

[2020-10-19 18:04:51 #3 type] 
Type domain.Event is not enhanced.

[2020-10-19 18:04:51 #4 type.registry] 
New type domain.Bet

[2020-10-19 18:04:51 #5 type.registry] 
New type java.util.Vector<domain.Bet>

[2020-10-19 18:04:51 #6 type.registry] 
New type domain.Question

[2020-10-19 18:04:51 #7 type.registry] 
New type java.util.Vector<domain.Question>

[2020-10-19 18:04:51 #8 type] 
Type domain.Bet is not enhanced.

[2020-10-19 18:04:51 #9 type.registry] 
New type domain.Fee

[2020-10-19 18:04:51 #10 type.registry] 
New type domain.User

[2020-10-19 18:04:51 #11 type.registry] 
New type domain.RegisteredUser

[2020-10-19 18:04:51 #12 type] 
Type domain.Question is not enhanced.

[2020-10-19 18:04:51 #13 type.registry] 
New type java.util.Vector<domain.Fee>

[2020-10-19 18:04:51 #14 type] 
Type domain.Fee is not enhanced.

[2020-10-19 18:04:51 #15 type] 
Type domain.User is not enhanced.

[2020-10-19 18:04:51 #16 type] 
Type domain.RegisteredUser is not enhanced.

[2020-10-19 18:04:51 #17 type.registry] 
New type domain.Movement

[2020-10-19 18:04:51 #18 type.registry] 
New type java.util.Vector<domain.Movement>

[2020-10-19 18:04:51 #19 type] 
Type domain.Movement is not enhanced.

[2020-10-19 18:04:51 #20 type.registry] 
New type domain.Admin

[2020-10-19 18:04:51 #21 type] 
Type domain.Admin is not enhanced.

[2020-10-19 18:04:51 #22 type.registry] 
New type java.util.Vector<java.lang.Object>

