------------------------------------------------------------------------------------------------------------------------

[2020-10-20 00:01:43 #1 store] 
Database '/home/elene/Desktop/SI-bazpare/bets2021_zaharra-master.zip_expanded/bets2021_zaharra-master/Bets2021/src/main/resources/bets.temp' is opened by 6144@hppaviliongaming

[2020-10-20 00:01:43 #2 type.registry] 
New type domain.User

[2020-10-20 00:01:43 #3 type.registry] 
New type domain.RegisteredUser

[2020-10-20 00:01:43 #4 type] 
Type domain.User is not enhanced.

[2020-10-20 00:01:43 #5 type] 
Type domain.RegisteredUser is not enhanced.

[2020-10-20 00:01:43 #6 type.registry] 
New type domain.Movement

[2020-10-20 00:01:43 #7 type.registry] 
New type java.util.Vector<domain.Movement>

[2020-10-20 00:01:43 #8 type.registry] 
New type domain.Bet

[2020-10-20 00:01:43 #9 type.registry] 
New type java.util.Vector<domain.Bet>

[2020-10-20 00:01:43 #10 type] 
Type domain.Movement is not enhanced.

[2020-10-20 00:01:43 #11 type] 
Type domain.Bet is not enhanced.

[2020-10-20 00:01:43 #12 type.registry] 
New type domain.Fee

[2020-10-20 00:01:43 #13 type] 
Type domain.Fee is not enhanced.

[2020-10-20 00:01:43 #14 type.registry] 
New type domain.Question

[2020-10-20 00:01:43 #15 type] 
Type domain.Question is not enhanced.

[2020-10-20 00:01:43 #16 type.registry] 
New type java.util.Vector<domain.Fee>

[2020-10-20 00:01:43 #17 type.registry] 
New type domain.Event

[2020-10-20 00:01:43 #18 type] 
Type domain.Event is not enhanced.

[2020-10-20 00:01:43 #19 type.registry] 
New type java.util.Vector<domain.Question>

[2020-10-20 00:01:43 #20 type.registry] 
New type java.util.Vector<java.lang.Object>

------------------------------------------------------------------------------------------------------------------------

[2020-10-20 00:02:43 #1 store] 
Database '/home/elene/Desktop/SI-bazpare/bets2021_zaharra-master.zip_expanded/bets2021_zaharra-master/Bets2021/src/main/resources/bets.temp' is opened by 6212@hppaviliongaming

[2020-10-20 00:02:43 #2 type.registry] 
New type domain.User

[2020-10-20 00:02:43 #3 type.registry] 
New type domain.RegisteredUser

[2020-10-20 00:02:43 #4 type] 
Type domain.User is not enhanced.

[2020-10-20 00:02:43 #5 type] 
Type domain.RegisteredUser is not enhanced.

[2020-10-20 00:02:43 #6 type.registry] 
New type domain.Movement

[2020-10-20 00:02:43 #7 type.registry] 
New type java.util.Vector<domain.Movement>

[2020-10-20 00:02:43 #8 type.registry] 
New type domain.Bet

[2020-10-20 00:02:43 #9 type.registry] 
New type java.util.Vector<domain.Bet>

[2020-10-20 00:02:43 #10 type] 
Type domain.Movement is not enhanced.

[2020-10-20 00:02:43 #11 type] 
Type domain.Bet is not enhanced.

[2020-10-20 00:02:43 #12 type.registry] 
New type domain.Fee

[2020-10-20 00:02:43 #13 type] 
Type domain.Fee is not enhanced.

[2020-10-20 00:02:43 #14 type.registry] 
New type domain.Question

[2020-10-20 00:02:43 #15 type] 
Type domain.Question is not enhanced.

[2020-10-20 00:02:43 #16 type.registry] 
New type java.util.Vector<domain.Fee>

[2020-10-20 00:02:43 #17 type.registry] 
New type domain.Event

[2020-10-20 00:02:43 #18 type] 
Type domain.Event is not enhanced.

[2020-10-20 00:02:43 #19 type.registry] 
New type java.util.Vector<domain.Question>

[2020-10-20 00:02:43 #20 type.registry] 
New type java.util.Vector<java.lang.Object>

------------------------------------------------------------------------------------------------------------------------

[2020-10-20 00:06:43 #1 store] 
Database '/home/elene/Desktop/SI-bazpare/bets2021_zaharra-master.zip_expanded/bets2021_zaharra-master/Bets2021/src/main/resources/bets.temp' is opened by 6368@hppaviliongaming

[2020-10-20 00:06:43 #2 type.registry] 
New type domain.User

[2020-10-20 00:06:43 #3 type.registry] 
New type domain.RegisteredUser

[2020-10-20 00:06:43 #4 type] 
Type domain.User is not enhanced.

[2020-10-20 00:06:43 #5 type] 
Type domain.RegisteredUser is not enhanced.

[2020-10-20 00:06:43 #6 type.registry] 
New type domain.Movement

[2020-10-20 00:06:43 #7 type.registry] 
New type java.util.Vector<domain.Movement>

[2020-10-20 00:06:43 #8 type.registry] 
New type domain.Bet

[2020-10-20 00:06:43 #9 type.registry] 
New type java.util.Vector<domain.Bet>

[2020-10-20 00:06:43 #10 type] 
Type domain.Movement is not enhanced.

[2020-10-20 00:06:43 #11 type] 
Type domain.Bet is not enhanced.

[2020-10-20 00:06:43 #12 type.registry] 
New type domain.Fee

[2020-10-20 00:06:43 #13 type] 
Type domain.Fee is not enhanced.

[2020-10-20 00:06:43 #14 type.registry] 
New type domain.Question

[2020-10-20 00:06:43 #15 type] 
Type domain.Question is not enhanced.

[2020-10-20 00:06:43 #16 type.registry] 
New type java.util.Vector<domain.Fee>

[2020-10-20 00:06:43 #17 type.registry] 
New type domain.Event

[2020-10-20 00:06:43 #18 type] 
Type domain.Event is not enhanced.

[2020-10-20 00:06:43 #19 type.registry] 
New type java.util.Vector<domain.Question>

[2020-10-20 00:06:43 #20 type.registry] 
New type java.util.Vector<java.lang.Object>

------------------------------------------------------------------------------------------------------------------------

[2020-10-20 00:07:42 #1 store] 
Database '/home/elene/Desktop/SI-bazpare/bets2021_zaharra-master.zip_expanded/bets2021_zaharra-master/Bets2021/src/main/resources/bets.temp' is opened by 6453@hppaviliongaming

[2020-10-20 00:07:42 #2 type.registry] 
New type domain.User

[2020-10-20 00:07:42 #3 type.registry] 
New type domain.RegisteredUser

[2020-10-20 00:07:42 #4 type] 
Type domain.User is not enhanced.

[2020-10-20 00:07:42 #5 type] 
Type domain.RegisteredUser is not enhanced.

[2020-10-20 00:07:42 #6 type.registry] 
New type domain.Movement

[2020-10-20 00:07:42 #7 type.registry] 
New type java.util.Vector<domain.Movement>

[2020-10-20 00:07:42 #8 type.registry] 
New type domain.Bet

[2020-10-20 00:07:42 #9 type.registry] 
New type java.util.Vector<domain.Bet>

[2020-10-20 00:07:42 #10 type] 
Type domain.Movement is not enhanced.

[2020-10-20 00:07:42 #11 type] 
Type domain.Bet is not enhanced.

[2020-10-20 00:07:42 #12 type.registry] 
New type domain.Fee

[2020-10-20 00:07:42 #13 type] 
Type domain.Fee is not enhanced.

[2020-10-20 00:07:42 #14 type.registry] 
New type domain.Question

[2020-10-20 00:07:42 #15 type] 
Type domain.Question is not enhanced.

[2020-10-20 00:07:42 #16 type.registry] 
New type java.util.Vector<domain.Fee>

[2020-10-20 00:07:42 #17 type.registry] 
New type domain.Event

[2020-10-20 00:07:42 #18 type] 
Type domain.Event is not enhanced.

[2020-10-20 00:07:42 #19 type.registry] 
New type java.util.Vector<domain.Question>

[2020-10-20 00:07:42 #20 type.registry] 
New type java.util.Vector<java.lang.Object>

------------------------------------------------------------------------------------------------------------------------

[2020-10-20 00:10:11 #1 store] 
Database '/home/elene/Desktop/SI-bazpare/bets2021_zaharra-master.zip_expanded/bets2021_zaharra-master/Bets2021/src/main/resources/bets.temp' is opened by 6596@hppaviliongaming

[2020-10-20 00:10:11 #2 type.registry] 
New type domain.User

[2020-10-20 00:10:11 #3 type.registry] 
New type domain.RegisteredUser

[2020-10-20 00:10:11 #4 type] 
Type domain.User is not enhanced.

[2020-10-20 00:10:11 #5 type] 
Type domain.RegisteredUser is not enhanced.

[2020-10-20 00:10:11 #6 type.registry] 
New type domain.Movement

[2020-10-20 00:10:11 #7 type.registry] 
New type java.util.Vector<domain.Movement>

[2020-10-20 00:10:11 #8 type.registry] 
New type domain.Bet

[2020-10-20 00:10:11 #9 type.registry] 
New type java.util.Vector<domain.Bet>

[2020-10-20 00:10:11 #10 type] 
Type domain.Movement is not enhanced.

[2020-10-20 00:10:11 #11 type] 
Type domain.Bet is not enhanced.

[2020-10-20 00:10:11 #12 type.registry] 
New type domain.Fee

[2020-10-20 00:10:11 #13 type] 
Type domain.Fee is not enhanced.

[2020-10-20 00:10:11 #14 type.registry] 
New type domain.Question

[2020-10-20 00:10:11 #15 type] 
Type domain.Question is not enhanced.

[2020-10-20 00:10:11 #16 type.registry] 
New type java.util.Vector<domain.Fee>

[2020-10-20 00:10:11 #17 type.registry] 
New type domain.Event

[2020-10-20 00:10:11 #18 type] 
Type domain.Event is not enhanced.

[2020-10-20 00:10:11 #19 type.registry] 
New type java.util.Vector<domain.Question>

[2020-10-20 00:10:11 #20 type.registry] 
New type java.util.Vector<java.lang.Object>

------------------------------------------------------------------------------------------------------------------------

[2020-10-20 00:11:24 #1 store] 
Database '/home/elene/Desktop/SI-bazpare/bets2021_zaharra-master.zip_expanded/bets2021_zaharra-master/Bets2021/src/main/resources/bets.temp' is opened by 6675@hppaviliongaming

[2020-10-20 00:11:24 #2 type.registry] 
New type domain.User

[2020-10-20 00:11:24 #3 type.registry] 
New type domain.RegisteredUser

[2020-10-20 00:11:24 #4 type] 
Type domain.User is not enhanced.

[2020-10-20 00:11:24 #5 type] 
Type domain.RegisteredUser is not enhanced.

[2020-10-20 00:11:24 #6 type.registry] 
New type domain.Movement

[2020-10-20 00:11:24 #7 type.registry] 
New type java.util.Vector<domain.Movement>

[2020-10-20 00:11:24 #8 type.registry] 
New type domain.Bet

[2020-10-20 00:11:24 #9 type.registry] 
New type java.util.Vector<domain.Bet>

[2020-10-20 00:11:24 #10 type] 
Type domain.Movement is not enhanced.

[2020-10-20 00:11:24 #11 type] 
Type domain.Bet is not enhanced.

[2020-10-20 00:11:24 #12 type.registry] 
New type domain.Fee

[2020-10-20 00:11:24 #13 type] 
Type domain.Fee is not enhanced.

[2020-10-20 00:11:24 #14 type.registry] 
New type domain.Question

[2020-10-20 00:11:24 #15 type] 
Type domain.Question is not enhanced.

[2020-10-20 00:11:24 #16 type.registry] 
New type java.util.Vector<domain.Fee>

[2020-10-20 00:11:24 #17 type.registry] 
New type domain.Event

[2020-10-20 00:11:24 #18 type] 
Type domain.Event is not enhanced.

[2020-10-20 00:11:24 #19 type.registry] 
New type java.util.Vector<domain.Question>

[2020-10-20 00:11:24 #20 type.registry] 
New type java.util.Vector<java.lang.Object>

------------------------------------------------------------------------------------------------------------------------

[2020-10-20 00:12:41 #1 store] 
Database '/home/elene/Desktop/SI-bazpare/bets2021_zaharra-master.zip_expanded/bets2021_zaharra-master/Bets2021/src/main/resources/bets.temp' is opened by 6749@hppaviliongaming

[2020-10-20 00:12:42 #2 type.registry] 
New type domain.User

[2020-10-20 00:12:42 #3 type.registry] 
New type domain.RegisteredUser

[2020-10-20 00:12:42 #4 type] 
Type domain.User is not enhanced.

[2020-10-20 00:12:42 #5 type] 
Type domain.RegisteredUser is not enhanced.

[2020-10-20 00:12:42 #6 type.registry] 
New type domain.Movement

[2020-10-20 00:12:42 #7 type.registry] 
New type java.util.Vector<domain.Movement>

[2020-10-20 00:12:42 #8 type.registry] 
New type domain.Bet

[2020-10-20 00:12:42 #9 type.registry] 
New type java.util.Vector<domain.Bet>

[2020-10-20 00:12:42 #10 type] 
Type domain.Movement is not enhanced.

[2020-10-20 00:12:42 #11 type] 
Type domain.Bet is not enhanced.

[2020-10-20 00:12:42 #12 type.registry] 
New type domain.Fee

[2020-10-20 00:12:42 #13 type] 
Type domain.Fee is not enhanced.

[2020-10-20 00:12:42 #14 type.registry] 
New type domain.Question

[2020-10-20 00:12:42 #15 type] 
Type domain.Question is not enhanced.

[2020-10-20 00:12:42 #16 type.registry] 
New type java.util.Vector<domain.Fee>

[2020-10-20 00:12:42 #17 type.registry] 
New type domain.Event

[2020-10-20 00:12:42 #18 type] 
Type domain.Event is not enhanced.

[2020-10-20 00:12:42 #19 type.registry] 
New type java.util.Vector<domain.Question>

[2020-10-20 00:12:42 #20 type.registry] 
New type java.util.Vector<java.lang.Object>

------------------------------------------------------------------------------------------------------------------------

[2020-10-20 00:13:48 #1 store] 
Database '/home/elene/Desktop/SI-bazpare/bets2021_zaharra-master.zip_expanded/bets2021_zaharra-master/Bets2021/src/main/resources/bets.temp' is opened by 6798@hppaviliongaming

[2020-10-20 00:13:48 #2 type.registry] 
New type domain.User

[2020-10-20 00:13:48 #3 type.registry] 
New type domain.RegisteredUser

[2020-10-20 00:13:48 #4 type] 
Type domain.User is not enhanced.

[2020-10-20 00:13:48 #5 type] 
Type domain.RegisteredUser is not enhanced.

[2020-10-20 00:13:48 #6 type.registry] 
New type domain.Movement

[2020-10-20 00:13:48 #7 type.registry] 
New type java.util.Vector<domain.Movement>

[2020-10-20 00:13:48 #8 type.registry] 
New type domain.Bet

[2020-10-20 00:13:48 #9 type.registry] 
New type java.util.Vector<domain.Bet>

[2020-10-20 00:13:48 #10 type] 
Type domain.Movement is not enhanced.

[2020-10-20 00:13:48 #11 type] 
Type domain.Bet is not enhanced.

[2020-10-20 00:13:48 #12 type.registry] 
New type domain.Fee

[2020-10-20 00:13:48 #13 type] 
Type domain.Fee is not enhanced.

[2020-10-20 00:13:48 #14 type.registry] 
New type domain.Question

[2020-10-20 00:13:48 #15 type] 
Type domain.Question is not enhanced.

[2020-10-20 00:13:48 #16 type.registry] 
New type java.util.Vector<domain.Fee>

[2020-10-20 00:13:48 #17 type.registry] 
New type domain.Event

[2020-10-20 00:13:48 #18 type] 
Type domain.Event is not enhanced.

[2020-10-20 00:13:48 #19 type.registry] 
New type java.util.Vector<domain.Question>

[2020-10-20 00:13:48 #20 type.registry] 
New type java.util.Vector<java.lang.Object>

------------------------------------------------------------------------------------------------------------------------

[2020-10-20 00:15:12 #1 store] 
Database '/home/elene/Desktop/SI-bazpare/bets2021_zaharra-master.zip_expanded/bets2021_zaharra-master/Bets2021/src/main/resources/bets.temp' is opened by 6862@hppaviliongaming

[2020-10-20 00:15:12 #2 type.registry] 
New type domain.User

[2020-10-20 00:15:12 #3 type.registry] 
New type domain.RegisteredUser

[2020-10-20 00:15:12 #4 type] 
Type domain.User is not enhanced.

[2020-10-20 00:15:12 #5 type] 
Type domain.RegisteredUser is not enhanced.

[2020-10-20 00:15:12 #6 type.registry] 
New type domain.Movement

[2020-10-20 00:15:12 #7 type.registry] 
New type java.util.Vector<domain.Movement>

[2020-10-20 00:15:12 #8 type.registry] 
New type domain.Bet

[2020-10-20 00:15:12 #9 type.registry] 
New type java.util.Vector<domain.Bet>

[2020-10-20 00:15:12 #10 type] 
Type domain.Movement is not enhanced.

[2020-10-20 00:15:12 #11 type] 
Type domain.Bet is not enhanced.

[2020-10-20 00:15:12 #12 type.registry] 
New type domain.Fee

[2020-10-20 00:15:12 #13 type] 
Type domain.Fee is not enhanced.

[2020-10-20 00:15:12 #14 type.registry] 
New type domain.Question

[2020-10-20 00:15:12 #15 type] 
Type domain.Question is not enhanced.

[2020-10-20 00:15:12 #16 type.registry] 
New type java.util.Vector<domain.Fee>

[2020-10-20 00:15:12 #17 type.registry] 
New type domain.Event

[2020-10-20 00:15:12 #18 type] 
Type domain.Event is not enhanced.

[2020-10-20 00:15:12 #19 type.registry] 
New type java.util.Vector<domain.Question>

[2020-10-20 00:15:12 #20 type.registry] 
New type java.util.Vector<java.lang.Object>

------------------------------------------------------------------------------------------------------------------------

[2020-10-20 00:15:29 #1 store] 
Database '/home/elene/Desktop/SI-bazpare/bets2021_zaharra-master.zip_expanded/bets2021_zaharra-master/Bets2021/src/main/resources/bets.temp' is opened by 6907@hppaviliongaming

[2020-10-20 00:15:29 #2 type.registry] 
New type domain.User

[2020-10-20 00:15:29 #3 type.registry] 
New type domain.RegisteredUser

[2020-10-20 00:15:29 #4 type] 
Type domain.User is not enhanced.

[2020-10-20 00:15:29 #5 type] 
Type domain.RegisteredUser is not enhanced.

[2020-10-20 00:15:29 #6 type.registry] 
New type domain.Movement

[2020-10-20 00:15:29 #7 type.registry] 
New type java.util.Vector<domain.Movement>

[2020-10-20 00:15:29 #8 type.registry] 
New type domain.Bet

[2020-10-20 00:15:29 #9 type.registry] 
New type java.util.Vector<domain.Bet>

[2020-10-20 00:15:29 #10 type] 
Type domain.Movement is not enhanced.

[2020-10-20 00:15:29 #11 type] 
Type domain.Bet is not enhanced.

[2020-10-20 00:15:29 #12 type.registry] 
New type domain.Fee

[2020-10-20 00:15:29 #13 type] 
Type domain.Fee is not enhanced.

[2020-10-20 00:15:29 #14 type.registry] 
New type domain.Question

[2020-10-20 00:15:29 #15 type] 
Type domain.Question is not enhanced.

[2020-10-20 00:15:29 #16 type.registry] 
New type java.util.Vector<domain.Fee>

[2020-10-20 00:15:29 #17 type.registry] 
New type domain.Event

[2020-10-20 00:15:29 #18 type] 
Type domain.Event is not enhanced.

[2020-10-20 00:15:29 #19 type.registry] 
New type java.util.Vector<domain.Question>

[2020-10-20 00:15:29 #20 type.registry] 
New type java.util.Vector<java.lang.Object>

------------------------------------------------------------------------------------------------------------------------

[2020-10-20 00:17:38 #1 store] 
Database '/home/elene/Desktop/SI-bazpare/bets2021_zaharra-master.zip_expanded/bets2021_zaharra-master/Bets2021/src/main/resources/bets.temp' is opened by 7014@hppaviliongaming

[2020-10-20 00:17:38 #2 type.registry] 
New type domain.User

[2020-10-20 00:17:38 #3 type.registry] 
New type domain.RegisteredUser

[2020-10-20 00:17:38 #4 type] 
Type domain.User is not enhanced.

[2020-10-20 00:17:38 #5 type] 
Type domain.RegisteredUser is not enhanced.

[2020-10-20 00:17:38 #6 type.registry] 
New type domain.Movement

[2020-10-20 00:17:38 #7 type.registry] 
New type java.util.Vector<domain.Movement>

[2020-10-20 00:17:38 #8 type.registry] 
New type domain.Bet

[2020-10-20 00:17:38 #9 type.registry] 
New type java.util.Vector<domain.Bet>

[2020-10-20 00:17:38 #10 type] 
Type domain.Movement is not enhanced.

[2020-10-20 00:17:38 #11 type] 
Type domain.Bet is not enhanced.

[2020-10-20 00:17:38 #12 type.registry] 
New type domain.Fee

[2020-10-20 00:17:38 #13 type] 
Type domain.Fee is not enhanced.

[2020-10-20 00:17:38 #14 type.registry] 
New type domain.Question

[2020-10-20 00:17:38 #15 type] 
Type domain.Question is not enhanced.

[2020-10-20 00:17:38 #16 type.registry] 
New type java.util.Vector<domain.Fee>

[2020-10-20 00:17:38 #17 type.registry] 
New type domain.Event

[2020-10-20 00:17:38 #18 type] 
Type domain.Event is not enhanced.

[2020-10-20 00:17:38 #19 type.registry] 
New type java.util.Vector<domain.Question>

[2020-10-20 00:17:38 #20 type.registry] 
New type java.util.Vector<java.lang.Object>

------------------------------------------------------------------------------------------------------------------------

[2020-10-20 00:18:16 #1 store] 
Database '/home/elene/Desktop/SI-bazpare/bets2021_zaharra-master.zip_expanded/bets2021_zaharra-master/Bets2021/src/main/resources/bets.temp' is opened by 7069@hppaviliongaming

[2020-10-20 00:18:16 #2 type.registry] 
New type domain.User

[2020-10-20 00:18:16 #3 type.registry] 
New type domain.RegisteredUser

[2020-10-20 00:18:16 #4 type] 
Type domain.User is not enhanced.

[2020-10-20 00:18:16 #5 type] 
Type domain.RegisteredUser is not enhanced.

[2020-10-20 00:18:16 #6 type.registry] 
New type domain.Movement

[2020-10-20 00:18:16 #7 type.registry] 
New type java.util.Vector<domain.Movement>

[2020-10-20 00:18:16 #8 type.registry] 
New type domain.Bet

[2020-10-20 00:18:16 #9 type.registry] 
New type java.util.Vector<domain.Bet>

[2020-10-20 00:18:16 #10 type] 
Type domain.Movement is not enhanced.

[2020-10-20 00:18:16 #11 type] 
Type domain.Bet is not enhanced.

[2020-10-20 00:18:16 #12 type.registry] 
New type domain.Fee

[2020-10-20 00:18:16 #13 type] 
Type domain.Fee is not enhanced.

[2020-10-20 00:18:16 #14 type.registry] 
New type domain.Question

[2020-10-20 00:18:16 #15 type] 
Type domain.Question is not enhanced.

[2020-10-20 00:18:16 #16 type.registry] 
New type java.util.Vector<domain.Fee>

[2020-10-20 00:18:16 #17 type.registry] 
New type domain.Event

[2020-10-20 00:18:16 #18 type] 
Type domain.Event is not enhanced.

[2020-10-20 00:18:16 #19 type.registry] 
New type java.util.Vector<domain.Question>

[2020-10-20 00:18:16 #20 type.registry] 
New type java.util.Vector<java.lang.Object>

------------------------------------------------------------------------------------------------------------------------

[2020-10-20 00:19:45 #1 store] 
Database '/home/elene/Desktop/SI-bazpare/bets2021_zaharra-master.zip_expanded/bets2021_zaharra-master/Bets2021/src/main/resources/bets.temp' is opened by 7164@hppaviliongaming

[2020-10-20 00:19:45 #2 type.registry] 
New type domain.User

[2020-10-20 00:19:45 #3 type.registry] 
New type domain.RegisteredUser

[2020-10-20 00:19:45 #4 type] 
Type domain.User is not enhanced.

[2020-10-20 00:19:45 #5 type] 
Type domain.RegisteredUser is not enhanced.

[2020-10-20 00:19:45 #6 type.registry] 
New type domain.Movement

[2020-10-20 00:19:45 #7 type.registry] 
New type java.util.Vector<domain.Movement>

[2020-10-20 00:19:45 #8 type.registry] 
New type domain.Bet

[2020-10-20 00:19:45 #9 type.registry] 
New type java.util.Vector<domain.Bet>

[2020-10-20 00:19:45 #10 type] 
Type domain.Movement is not enhanced.

[2020-10-20 00:19:45 #11 type] 
Type domain.Bet is not enhanced.

[2020-10-20 00:19:45 #12 type.registry] 
New type domain.Fee

[2020-10-20 00:19:45 #13 type] 
Type domain.Fee is not enhanced.

[2020-10-20 00:19:45 #14 type.registry] 
New type domain.Question

[2020-10-20 00:19:45 #15 type] 
Type domain.Question is not enhanced.

[2020-10-20 00:19:45 #16 type.registry] 
New type java.util.Vector<domain.Fee>

[2020-10-20 00:19:45 #17 type.registry] 
New type domain.Event

[2020-10-20 00:19:45 #18 type] 
Type domain.Event is not enhanced.

[2020-10-20 00:19:45 #19 type.registry] 
New type java.util.Vector<domain.Question>

[2020-10-20 00:19:45 #20 type.registry] 
New type java.util.Vector<java.lang.Object>

------------------------------------------------------------------------------------------------------------------------

[2020-10-20 00:20:01 #1 store] 
Database '/home/elene/Desktop/SI-bazpare/bets2021_zaharra-master.zip_expanded/bets2021_zaharra-master/Bets2021/src/main/resources/bets.temp' is opened by 7199@hppaviliongaming

[2020-10-20 00:20:01 #2 type.registry] 
New type domain.User

[2020-10-20 00:20:01 #3 type.registry] 
New type domain.RegisteredUser

[2020-10-20 00:20:01 #4 type] 
Type domain.User is not enhanced.

[2020-10-20 00:20:01 #5 type] 
Type domain.RegisteredUser is not enhanced.

[2020-10-20 00:20:01 #6 type.registry] 
New type domain.Movement

[2020-10-20 00:20:01 #7 type.registry] 
New type java.util.Vector<domain.Movement>

[2020-10-20 00:20:01 #8 type.registry] 
New type domain.Bet

[2020-10-20 00:20:01 #9 type.registry] 
New type java.util.Vector<domain.Bet>

[2020-10-20 00:20:01 #10 type] 
Type domain.Movement is not enhanced.

[2020-10-20 00:20:01 #11 type] 
Type domain.Bet is not enhanced.

[2020-10-20 00:20:01 #12 type.registry] 
New type domain.Fee

[2020-10-20 00:20:01 #13 type] 
Type domain.Fee is not enhanced.

[2020-10-20 00:20:01 #14 type.registry] 
New type domain.Question

[2020-10-20 00:20:01 #15 type] 
Type domain.Question is not enhanced.

[2020-10-20 00:20:01 #16 type.registry] 
New type java.util.Vector<domain.Fee>

[2020-10-20 00:20:01 #17 type.registry] 
New type domain.Event

[2020-10-20 00:20:01 #18 type] 
Type domain.Event is not enhanced.

[2020-10-20 00:20:01 #19 type.registry] 
New type java.util.Vector<domain.Question>

[2020-10-20 00:20:01 #20 type.registry] 
New type java.util.Vector<java.lang.Object>

------------------------------------------------------------------------------------------------------------------------

[2020-10-20 00:24:13 #1 store] 
Database '/home/elene/Desktop/SI-bazpare/bets2021_zaharra-master.zip_expanded/bets2021_zaharra-master/Bets2021/src/main/resources/bets.temp' is opened by 7309@hppaviliongaming

[2020-10-20 00:24:13 #2 type.registry] 
New type domain.User

[2020-10-20 00:24:13 #3 type.registry] 
New type domain.RegisteredUser

[2020-10-20 00:24:13 #4 type] 
Type domain.User is not enhanced.

[2020-10-20 00:24:13 #5 type] 
Type domain.RegisteredUser is not enhanced.

[2020-10-20 00:24:13 #6 type.registry] 
New type domain.Movement

[2020-10-20 00:24:13 #7 type.registry] 
New type java.util.Vector<domain.Movement>

[2020-10-20 00:24:13 #8 type.registry] 
New type domain.Bet

[2020-10-20 00:24:13 #9 type.registry] 
New type java.util.Vector<domain.Bet>

[2020-10-20 00:24:13 #10 type] 
Type domain.Movement is not enhanced.

[2020-10-20 00:24:13 #11 type] 
Type domain.Bet is not enhanced.

[2020-10-20 00:24:13 #12 type.registry] 
New type domain.Fee

[2020-10-20 00:24:13 #13 type] 
Type domain.Fee is not enhanced.

[2020-10-20 00:24:13 #14 type.registry] 
New type domain.Question

[2020-10-20 00:24:13 #15 type] 
Type domain.Question is not enhanced.

[2020-10-20 00:24:13 #16 type.registry] 
New type java.util.Vector<domain.Fee>

[2020-10-20 00:24:13 #17 type.registry] 
New type domain.Event

[2020-10-20 00:24:13 #18 type] 
Type domain.Event is not enhanced.

[2020-10-20 00:24:13 #19 type.registry] 
New type java.util.Vector<domain.Question>

[2020-10-20 00:24:13 #20 type.registry] 
New type java.util.Vector<java.lang.Object>

------------------------------------------------------------------------------------------------------------------------

[2020-10-20 00:24:38 #1 store] 
Database '/home/elene/Desktop/SI-bazpare/bets2021_zaharra-master.zip_expanded/bets2021_zaharra-master/Bets2021/src/main/resources/bets.temp' is opened by 7355@hppaviliongaming

[2020-10-20 00:24:38 #2 type.registry] 
New type domain.User

[2020-10-20 00:24:38 #3 type.registry] 
New type domain.RegisteredUser

[2020-10-20 00:24:38 #4 type] 
Type domain.User is not enhanced.

[2020-10-20 00:24:38 #5 type] 
Type domain.RegisteredUser is not enhanced.

[2020-10-20 00:24:38 #6 type.registry] 
New type domain.Movement

[2020-10-20 00:24:38 #7 type.registry] 
New type java.util.Vector<domain.Movement>

[2020-10-20 00:24:38 #8 type.registry] 
New type domain.Bet

[2020-10-20 00:24:38 #9 type.registry] 
New type java.util.Vector<domain.Bet>

[2020-10-20 00:24:38 #10 type] 
Type domain.Movement is not enhanced.

[2020-10-20 00:24:38 #11 type] 
Type domain.Bet is not enhanced.

[2020-10-20 00:24:38 #12 type.registry] 
New type domain.Fee

[2020-10-20 00:24:38 #13 type] 
Type domain.Fee is not enhanced.

[2020-10-20 00:24:38 #14 type.registry] 
New type domain.Question

[2020-10-20 00:24:38 #15 type] 
Type domain.Question is not enhanced.

[2020-10-20 00:24:38 #16 type.registry] 
New type java.util.Vector<domain.Fee>

[2020-10-20 00:24:38 #17 type.registry] 
New type domain.Event

[2020-10-20 00:24:38 #18 type] 
Type domain.Event is not enhanced.

[2020-10-20 00:24:38 #19 type.registry] 
New type java.util.Vector<domain.Question>

[2020-10-20 00:24:38 #20 type.registry] 
New type java.util.Vector<java.lang.Object>

------------------------------------------------------------------------------------------------------------------------

[2020-10-20 00:24:45 #1 store] 
Database '/home/elene/Desktop/SI-bazpare/bets2021_zaharra-master.zip_expanded/bets2021_zaharra-master/Bets2021/src/main/resources/bets.temp' is opened by 7385@hppaviliongaming

[2020-10-20 00:24:45 #2 type.registry] 
New type domain.User

[2020-10-20 00:24:45 #3 type.registry] 
New type domain.RegisteredUser

[2020-10-20 00:24:45 #4 type] 
Type domain.User is not enhanced.

[2020-10-20 00:24:45 #5 type] 
Type domain.RegisteredUser is not enhanced.

[2020-10-20 00:24:45 #6 type.registry] 
New type domain.Movement

[2020-10-20 00:24:45 #7 type.registry] 
New type java.util.Vector<domain.Movement>

[2020-10-20 00:24:45 #8 type.registry] 
New type domain.Bet

[2020-10-20 00:24:45 #9 type.registry] 
New type java.util.Vector<domain.Bet>

[2020-10-20 00:24:45 #10 type] 
Type domain.Movement is not enhanced.

[2020-10-20 00:24:45 #11 type] 
Type domain.Bet is not enhanced.

[2020-10-20 00:24:45 #12 type.registry] 
New type domain.Fee

[2020-10-20 00:24:45 #13 type] 
Type domain.Fee is not enhanced.

[2020-10-20 00:24:45 #14 type.registry] 
New type domain.Question

[2020-10-20 00:24:45 #15 type] 
Type domain.Question is not enhanced.

[2020-10-20 00:24:45 #16 type.registry] 
New type java.util.Vector<domain.Fee>

[2020-10-20 00:24:45 #17 type.registry] 
New type domain.Event

[2020-10-20 00:24:45 #18 type] 
Type domain.Event is not enhanced.

[2020-10-20 00:24:45 #19 type.registry] 
New type java.util.Vector<domain.Question>

[2020-10-20 00:24:45 #20 type.registry] 
New type java.util.Vector<java.lang.Object>

------------------------------------------------------------------------------------------------------------------------

[2020-10-20 00:25:25 #1 store] 
Database '/home/elene/Desktop/SI-bazpare/bets2021_zaharra-master.zip_expanded/bets2021_zaharra-master/Bets2021/src/main/resources/bets.temp' is opened by 7431@hppaviliongaming

[2020-10-20 00:25:25 #2 type.registry] 
New type domain.User

[2020-10-20 00:25:25 #3 type.registry] 
New type domain.RegisteredUser

[2020-10-20 00:25:25 #4 type] 
Type domain.User is not enhanced.

[2020-10-20 00:25:25 #5 type] 
Type domain.RegisteredUser is not enhanced.

[2020-10-20 00:25:25 #6 type.registry] 
New type domain.Movement

[2020-10-20 00:25:25 #7 type.registry] 
New type java.util.Vector<domain.Movement>

[2020-10-20 00:25:25 #8 type.registry] 
New type domain.Bet

[2020-10-20 00:25:25 #9 type.registry] 
New type java.util.Vector<domain.Bet>

[2020-10-20 00:25:25 #10 type] 
Type domain.Movement is not enhanced.

[2020-10-20 00:25:25 #11 type] 
Type domain.Bet is not enhanced.

[2020-10-20 00:25:25 #12 type.registry] 
New type domain.Fee

[2020-10-20 00:25:25 #13 type] 
Type domain.Fee is not enhanced.

[2020-10-20 00:25:25 #14 type.registry] 
New type domain.Question

[2020-10-20 00:25:25 #15 type] 
Type domain.Question is not enhanced.

[2020-10-20 00:25:25 #16 type.registry] 
New type java.util.Vector<domain.Fee>

[2020-10-20 00:25:25 #17 type.registry] 
New type domain.Event

[2020-10-20 00:25:25 #18 type] 
Type domain.Event is not enhanced.

[2020-10-20 00:25:25 #19 type.registry] 
New type java.util.Vector<domain.Question>

[2020-10-20 00:25:25 #20 type.registry] 
New type java.util.Vector<java.lang.Object>

------------------------------------------------------------------------------------------------------------------------

[2020-10-20 00:29:04 #1 store] 
Database '/home/elene/Desktop/SI-bazpare/bets2021_zaharra-master.zip_expanded/bets2021_zaharra-master/Bets2021/src/main/resources/bets.temp' is opened by 7659@hppaviliongaming

[2020-10-20 00:29:04 #2 type.registry] 
New type domain.User

[2020-10-20 00:29:04 #3 type.registry] 
New type domain.RegisteredUser

[2020-10-20 00:29:04 #4 type] 
Type domain.User is not enhanced.

[2020-10-20 00:29:04 #5 type] 
Type domain.RegisteredUser is not enhanced.

[2020-10-20 00:29:04 #6 type.registry] 
New type domain.Movement

[2020-10-20 00:29:04 #7 type.registry] 
New type java.util.Vector<domain.Movement>

[2020-10-20 00:29:04 #8 type.registry] 
New type domain.Bet

[2020-10-20 00:29:04 #9 type.registry] 
New type java.util.Vector<domain.Bet>

[2020-10-20 00:29:04 #10 type] 
Type domain.Movement is not enhanced.

[2020-10-20 00:29:04 #11 type] 
Type domain.Bet is not enhanced.

[2020-10-20 00:29:04 #12 type.registry] 
New type domain.Fee

[2020-10-20 00:29:04 #13 type] 
Type domain.Fee is not enhanced.

[2020-10-20 00:29:04 #14 type.registry] 
New type domain.Question

[2020-10-20 00:29:04 #15 type] 
Type domain.Question is not enhanced.

[2020-10-20 00:29:04 #16 type.registry] 
New type java.util.Vector<domain.Fee>

[2020-10-20 00:29:04 #17 type.registry] 
New type domain.Event

[2020-10-20 00:29:04 #18 type] 
Type domain.Event is not enhanced.

[2020-10-20 00:29:04 #19 type.registry] 
New type java.util.Vector<domain.Question>

[2020-10-20 00:29:04 #20 type.registry] 
New type java.util.Vector<java.lang.Object>

------------------------------------------------------------------------------------------------------------------------

[2020-10-20 00:29:37 #1 store] 
Database '/home/elene/Desktop/SI-bazpare/bets2021_zaharra-master.zip_expanded/bets2021_zaharra-master/Bets2021/src/main/resources/bets.temp' is opened by 7712@hppaviliongaming

[2020-10-20 00:29:37 #2 type.registry] 
New type domain.User

[2020-10-20 00:29:37 #3 type.registry] 
New type domain.RegisteredUser

[2020-10-20 00:29:37 #4 type] 
Type domain.User is not enhanced.

[2020-10-20 00:29:37 #5 type] 
Type domain.RegisteredUser is not enhanced.

[2020-10-20 00:29:37 #6 type.registry] 
New type domain.Movement

[2020-10-20 00:29:37 #7 type.registry] 
New type java.util.Vector<domain.Movement>

[2020-10-20 00:29:37 #8 type.registry] 
New type domain.Bet

[2020-10-20 00:29:37 #9 type.registry] 
New type java.util.Vector<domain.Bet>

[2020-10-20 00:29:37 #10 type] 
Type domain.Movement is not enhanced.

[2020-10-20 00:29:37 #11 type] 
Type domain.Bet is not enhanced.

[2020-10-20 00:29:37 #12 type.registry] 
New type domain.Fee

[2020-10-20 00:29:37 #13 type] 
Type domain.Fee is not enhanced.

[2020-10-20 00:29:37 #14 type.registry] 
New type domain.Question

[2020-10-20 00:29:37 #15 type] 
Type domain.Question is not enhanced.

[2020-10-20 00:29:37 #16 type.registry] 
New type java.util.Vector<domain.Fee>

[2020-10-20 00:29:37 #17 type.registry] 
New type domain.Event

[2020-10-20 00:29:37 #18 type] 
Type domain.Event is not enhanced.

[2020-10-20 00:29:37 #19 type.registry] 
New type java.util.Vector<domain.Question>

[2020-10-20 00:29:37 #20 type.registry] 
New type java.util.Vector<java.lang.Object>

------------------------------------------------------------------------------------------------------------------------

[2020-10-20 00:30:03 #1 store] 
Database '/home/elene/Desktop/SI-bazpare/bets2021_zaharra-master.zip_expanded/bets2021_zaharra-master/Bets2021/src/main/resources/bets.temp' is opened by 7752@hppaviliongaming

[2020-10-20 00:30:03 #2 type.registry] 
New type domain.User

[2020-10-20 00:30:03 #3 type.registry] 
New type domain.RegisteredUser

[2020-10-20 00:30:03 #4 type] 
Type domain.User is not enhanced.

[2020-10-20 00:30:03 #5 type] 
Type domain.RegisteredUser is not enhanced.

[2020-10-20 00:30:03 #6 type.registry] 
New type domain.Movement

[2020-10-20 00:30:03 #7 type.registry] 
New type java.util.Vector<domain.Movement>

[2020-10-20 00:30:03 #8 type.registry] 
New type domain.Bet

[2020-10-20 00:30:03 #9 type.registry] 
New type java.util.Vector<domain.Bet>

[2020-10-20 00:30:03 #10 type] 
Type domain.Movement is not enhanced.

[2020-10-20 00:30:03 #11 type] 
Type domain.Bet is not enhanced.

[2020-10-20 00:30:03 #12 type.registry] 
New type domain.Fee

[2020-10-20 00:30:03 #13 type] 
Type domain.Fee is not enhanced.

[2020-10-20 00:30:03 #14 type.registry] 
New type domain.Question

[2020-10-20 00:30:03 #15 type] 
Type domain.Question is not enhanced.

[2020-10-20 00:30:03 #16 type.registry] 
New type java.util.Vector<domain.Fee>

[2020-10-20 00:30:03 #17 type.registry] 
New type domain.Event

[2020-10-20 00:30:03 #18 type] 
Type domain.Event is not enhanced.

[2020-10-20 00:30:03 #19 type.registry] 
New type java.util.Vector<domain.Question>

[2020-10-20 00:30:03 #20 type.registry] 
New type java.util.Vector<java.lang.Object>

------------------------------------------------------------------------------------------------------------------------

[2020-10-20 00:32:31 #1 store] 
Database '/home/elene/Desktop/SI-bazpare/bets2021_zaharra-master.zip_expanded/bets2021_zaharra-master/Bets2021/src/main/resources/bets.temp' is opened by 8018@hppaviliongaming

[2020-10-20 00:32:31 #2 type.registry] 
New type domain.User

[2020-10-20 00:32:31 #3 type.registry] 
New type domain.RegisteredUser

[2020-10-20 00:32:31 #4 type] 
Type domain.User is not enhanced.

[2020-10-20 00:32:31 #5 type] 
Type domain.RegisteredUser is not enhanced.

[2020-10-20 00:32:31 #6 type.registry] 
New type domain.Movement

[2020-10-20 00:32:31 #7 type.registry] 
New type java.util.Vector<domain.Movement>

[2020-10-20 00:32:31 #8 type.registry] 
New type domain.Bet

[2020-10-20 00:32:31 #9 type.registry] 
New type java.util.Vector<domain.Bet>

[2020-10-20 00:32:31 #10 type] 
Type domain.Movement is not enhanced.

[2020-10-20 00:32:31 #11 type] 
Type domain.Bet is not enhanced.

[2020-10-20 00:32:31 #12 type.registry] 
New type domain.Fee

[2020-10-20 00:32:31 #13 type] 
Type domain.Fee is not enhanced.

[2020-10-20 00:32:31 #14 type.registry] 
New type domain.Question

[2020-10-20 00:32:31 #15 type] 
Type domain.Question is not enhanced.

[2020-10-20 00:32:31 #16 type.registry] 
New type java.util.Vector<domain.Fee>

[2020-10-20 00:32:31 #17 type.registry] 
New type domain.Event

[2020-10-20 00:32:31 #18 type] 
Type domain.Event is not enhanced.

[2020-10-20 00:32:31 #19 type.registry] 
New type java.util.Vector<domain.Question>

[2020-10-20 00:32:31 #20 type.registry] 
New type java.util.Vector<java.lang.Object>

------------------------------------------------------------------------------------------------------------------------

[2020-10-20 00:32:49 #1 store] 
Database '/home/elene/Desktop/SI-bazpare/bets2021_zaharra-master.zip_expanded/bets2021_zaharra-master/Bets2021/src/main/resources/bets.temp' is opened by 8066@hppaviliongaming

[2020-10-20 00:32:49 #2 type.registry] 
New type domain.User

[2020-10-20 00:32:49 #3 type.registry] 
New type domain.RegisteredUser

[2020-10-20 00:32:49 #4 type] 
Type domain.User is not enhanced.

[2020-10-20 00:32:49 #5 type] 
Type domain.RegisteredUser is not enhanced.

[2020-10-20 00:32:49 #6 type.registry] 
New type domain.Movement

[2020-10-20 00:32:49 #7 type.registry] 
New type java.util.Vector<domain.Movement>

[2020-10-20 00:32:49 #8 type.registry] 
New type domain.Bet

[2020-10-20 00:32:49 #9 type.registry] 
New type java.util.Vector<domain.Bet>

[2020-10-20 00:32:49 #10 type] 
Type domain.Movement is not enhanced.

[2020-10-20 00:32:49 #11 type] 
Type domain.Bet is not enhanced.

[2020-10-20 00:32:49 #12 type.registry] 
New type domain.Fee

[2020-10-20 00:32:49 #13 type] 
Type domain.Fee is not enhanced.

[2020-10-20 00:32:49 #14 type.registry] 
New type domain.Question

[2020-10-20 00:32:49 #15 type] 
Type domain.Question is not enhanced.

[2020-10-20 00:32:49 #16 type.registry] 
New type java.util.Vector<domain.Fee>

[2020-10-20 00:32:49 #17 type.registry] 
New type domain.Event

[2020-10-20 00:32:49 #18 type] 
Type domain.Event is not enhanced.

[2020-10-20 00:32:49 #19 type.registry] 
New type java.util.Vector<domain.Question>

[2020-10-20 00:32:49 #20 type.registry] 
New type java.util.Vector<java.lang.Object>

------------------------------------------------------------------------------------------------------------------------

[2020-10-20 00:33:28 #1 store] 
Database '/home/elene/Desktop/SI-bazpare/bets2021_zaharra-master.zip_expanded/bets2021_zaharra-master/Bets2021/src/main/resources/bets.temp' is opened by 8135@hppaviliongaming

[2020-10-20 00:33:28 #2 type.registry] 
New type domain.User

[2020-10-20 00:33:28 #3 type.registry] 
New type domain.RegisteredUser

[2020-10-20 00:33:28 #4 type] 
Type domain.User is not enhanced.

[2020-10-20 00:33:28 #5 type] 
Type domain.RegisteredUser is not enhanced.

[2020-10-20 00:33:28 #6 type.registry] 
New type domain.Movement

[2020-10-20 00:33:28 #7 type.registry] 
New type java.util.Vector<domain.Movement>

[2020-10-20 00:33:28 #8 type.registry] 
New type domain.Bet

[2020-10-20 00:33:28 #9 type.registry] 
New type java.util.Vector<domain.Bet>

[2020-10-20 00:33:28 #10 type] 
Type domain.Movement is not enhanced.

[2020-10-20 00:33:28 #11 type] 
Type domain.Bet is not enhanced.

[2020-10-20 00:33:28 #12 type.registry] 
New type domain.Fee

[2020-10-20 00:33:28 #13 type] 
Type domain.Fee is not enhanced.

[2020-10-20 00:33:28 #14 type.registry] 
New type domain.Question

[2020-10-20 00:33:28 #15 type] 
Type domain.Question is not enhanced.

[2020-10-20 00:33:28 #16 type.registry] 
New type java.util.Vector<domain.Fee>

[2020-10-20 00:33:28 #17 type.registry] 
New type domain.Event

[2020-10-20 00:33:28 #18 type] 
Type domain.Event is not enhanced.

[2020-10-20 00:33:28 #19 type.registry] 
New type java.util.Vector<domain.Question>

[2020-10-20 00:33:28 #20 type.registry] 
New type java.util.Vector<java.lang.Object>

------------------------------------------------------------------------------------------------------------------------

[2020-10-20 00:34:33 #1 store] 
Database '/home/elene/Desktop/SI-bazpare/bets2021_zaharra-master.zip_expanded/bets2021_zaharra-master/Bets2021/src/main/resources/bets.temp' is opened by 8191@hppaviliongaming

[2020-10-20 00:34:33 #2 type.registry] 
New type domain.User

[2020-10-20 00:34:33 #3 type.registry] 
New type domain.RegisteredUser

[2020-10-20 00:34:33 #4 type] 
Type domain.User is not enhanced.

[2020-10-20 00:34:33 #5 type] 
Type domain.RegisteredUser is not enhanced.

[2020-10-20 00:34:33 #6 type.registry] 
New type domain.Movement

[2020-10-20 00:34:33 #7 type.registry] 
New type java.util.Vector<domain.Movement>

[2020-10-20 00:34:33 #8 type.registry] 
New type domain.Bet

[2020-10-20 00:34:33 #9 type.registry] 
New type java.util.Vector<domain.Bet>

[2020-10-20 00:34:33 #10 type] 
Type domain.Movement is not enhanced.

[2020-10-20 00:34:33 #11 type] 
Type domain.Bet is not enhanced.

[2020-10-20 00:34:33 #12 type.registry] 
New type domain.Fee

[2020-10-20 00:34:33 #13 type] 
Type domain.Fee is not enhanced.

[2020-10-20 00:34:33 #14 type.registry] 
New type domain.Question

[2020-10-20 00:34:33 #15 type] 
Type domain.Question is not enhanced.

[2020-10-20 00:34:33 #16 type.registry] 
New type java.util.Vector<domain.Fee>

[2020-10-20 00:34:33 #17 type.registry] 
New type domain.Event

[2020-10-20 00:34:33 #18 type] 
Type domain.Event is not enhanced.

[2020-10-20 00:34:33 #19 type.registry] 
New type java.util.Vector<domain.Question>

[2020-10-20 00:34:33 #20 type.registry] 
New type java.util.Vector<java.lang.Object>

------------------------------------------------------------------------------------------------------------------------

[2020-10-20 00:34:42 #1 store] 
Database '/home/elene/Desktop/SI-bazpare/bets2021_zaharra-master.zip_expanded/bets2021_zaharra-master/Bets2021/src/main/resources/bets.temp' is opened by 8221@hppaviliongaming

[2020-10-20 00:34:42 #2 type.registry] 
New type domain.User

[2020-10-20 00:34:42 #3 type.registry] 
New type domain.RegisteredUser

[2020-10-20 00:34:42 #4 type] 
Type domain.User is not enhanced.

[2020-10-20 00:34:42 #5 type] 
Type domain.RegisteredUser is not enhanced.

[2020-10-20 00:34:42 #6 type.registry] 
New type domain.Movement

[2020-10-20 00:34:42 #7 type.registry] 
New type java.util.Vector<domain.Movement>

[2020-10-20 00:34:42 #8 type.registry] 
New type domain.Bet

[2020-10-20 00:34:42 #9 type.registry] 
New type java.util.Vector<domain.Bet>

[2020-10-20 00:34:42 #10 type] 
Type domain.Movement is not enhanced.

[2020-10-20 00:34:42 #11 type] 
Type domain.Bet is not enhanced.

[2020-10-20 00:34:42 #12 type.registry] 
New type domain.Fee

[2020-10-20 00:34:42 #13 type] 
Type domain.Fee is not enhanced.

[2020-10-20 00:34:42 #14 type.registry] 
New type domain.Question

[2020-10-20 00:34:42 #15 type] 
Type domain.Question is not enhanced.

[2020-10-20 00:34:42 #16 type.registry] 
New type java.util.Vector<domain.Fee>

[2020-10-20 00:34:42 #17 type.registry] 
New type domain.Event

[2020-10-20 00:34:42 #18 type] 
Type domain.Event is not enhanced.

[2020-10-20 00:34:42 #19 type.registry] 
New type java.util.Vector<domain.Question>

[2020-10-20 00:34:42 #20 type.registry] 
New type java.util.Vector<java.lang.Object>

------------------------------------------------------------------------------------------------------------------------

[2020-10-20 00:35:12 #1 store] 
Database '/home/elene/Desktop/SI-bazpare/bets2021_zaharra-master.zip_expanded/bets2021_zaharra-master/Bets2021/src/main/resources/bets.temp' is opened by 8274@hppaviliongaming

[2020-10-20 00:35:12 #2 type.registry] 
New type domain.User

[2020-10-20 00:35:12 #3 type.registry] 
New type domain.RegisteredUser

[2020-10-20 00:35:12 #4 type] 
Type domain.User is not enhanced.

[2020-10-20 00:35:12 #5 type] 
Type domain.RegisteredUser is not enhanced.

[2020-10-20 00:35:12 #6 type.registry] 
New type domain.Movement

[2020-10-20 00:35:12 #7 type.registry] 
New type java.util.Vector<domain.Movement>

[2020-10-20 00:35:12 #8 type.registry] 
New type domain.Bet

[2020-10-20 00:35:12 #9 type.registry] 
New type java.util.Vector<domain.Bet>

[2020-10-20 00:35:12 #10 type] 
Type domain.Movement is not enhanced.

[2020-10-20 00:35:12 #11 type] 
Type domain.Bet is not enhanced.

[2020-10-20 00:35:12 #12 type.registry] 
New type domain.Fee

[2020-10-20 00:35:12 #13 type] 
Type domain.Fee is not enhanced.

[2020-10-20 00:35:12 #14 type.registry] 
New type domain.Question

[2020-10-20 00:35:12 #15 type] 
Type domain.Question is not enhanced.

[2020-10-20 00:35:12 #16 type.registry] 
New type java.util.Vector<domain.Fee>

[2020-10-20 00:35:12 #17 type.registry] 
New type domain.Event

[2020-10-20 00:35:12 #18 type] 
Type domain.Event is not enhanced.

[2020-10-20 00:35:12 #19 type.registry] 
New type java.util.Vector<domain.Question>

[2020-10-20 00:35:12 #20 type.registry] 
New type java.util.Vector<java.lang.Object>

------------------------------------------------------------------------------------------------------------------------

[2020-10-20 00:36:06 #1 store] 
Database '/home/elene/Desktop/SI-bazpare/bets2021_zaharra-master.zip_expanded/bets2021_zaharra-master/Bets2021/src/main/resources/bets.temp' is opened by 8353@hppaviliongaming

[2020-10-20 00:36:06 #2 type.registry] 
New type domain.User

[2020-10-20 00:36:06 #3 type.registry] 
New type domain.RegisteredUser

[2020-10-20 00:36:06 #4 type] 
Type domain.User is not enhanced.

[2020-10-20 00:36:06 #5 type] 
Type domain.RegisteredUser is not enhanced.

[2020-10-20 00:36:06 #6 type.registry] 
New type domain.Movement

[2020-10-20 00:36:06 #7 type.registry] 
New type java.util.Vector<domain.Movement>

[2020-10-20 00:36:06 #8 type.registry] 
New type domain.Bet

[2020-10-20 00:36:06 #9 type.registry] 
New type java.util.Vector<domain.Bet>

[2020-10-20 00:36:06 #10 type] 
Type domain.Movement is not enhanced.

[2020-10-20 00:36:06 #11 type] 
Type domain.Bet is not enhanced.

[2020-10-20 00:36:06 #12 type.registry] 
New type domain.Fee

[2020-10-20 00:36:06 #13 type] 
Type domain.Fee is not enhanced.

[2020-10-20 00:36:06 #14 type.registry] 
New type domain.Question

[2020-10-20 00:36:06 #15 type] 
Type domain.Question is not enhanced.

[2020-10-20 00:36:06 #16 type.registry] 
New type java.util.Vector<domain.Fee>

[2020-10-20 00:36:06 #17 type.registry] 
New type domain.Event

[2020-10-20 00:36:06 #18 type] 
Type domain.Event is not enhanced.

[2020-10-20 00:36:06 #19 type.registry] 
New type java.util.Vector<domain.Question>

[2020-10-20 00:36:06 #20 type.registry] 
New type java.util.Vector<java.lang.Object>

------------------------------------------------------------------------------------------------------------------------

[2020-10-20 00:39:20 #1 store] 
Database '/home/elene/Desktop/SI-bazpare/bets2021_zaharra-master.zip_expanded/bets2021_zaharra-master/Bets2021/src/main/resources/bets.temp' is opened by 8499@hppaviliongaming

[2020-10-20 00:39:20 #2 type.registry] 
New type domain.User

[2020-10-20 00:39:20 #3 type.registry] 
New type domain.RegisteredUser

[2020-10-20 00:39:20 #4 type] 
Type domain.User is not enhanced.

[2020-10-20 00:39:20 #5 type] 
Type domain.RegisteredUser is not enhanced.

[2020-10-20 00:39:20 #6 type.registry] 
New type domain.Movement

[2020-10-20 00:39:20 #7 type.registry] 
New type java.util.Vector<domain.Movement>

[2020-10-20 00:39:20 #8 type.registry] 
New type domain.Bet

[2020-10-20 00:39:20 #9 type.registry] 
New type java.util.Vector<domain.Bet>

[2020-10-20 00:39:20 #10 type] 
Type domain.Movement is not enhanced.

[2020-10-20 00:39:20 #11 type] 
Type domain.Bet is not enhanced.

[2020-10-20 00:39:20 #12 type.registry] 
New type domain.Fee

[2020-10-20 00:39:20 #13 type] 
Type domain.Fee is not enhanced.

[2020-10-20 00:39:20 #14 type.registry] 
New type domain.Question

[2020-10-20 00:39:20 #15 type] 
Type domain.Question is not enhanced.

[2020-10-20 00:39:20 #16 type.registry] 
New type java.util.Vector<domain.Fee>

[2020-10-20 00:39:20 #17 type.registry] 
New type domain.Event

[2020-10-20 00:39:20 #18 type] 
Type domain.Event is not enhanced.

[2020-10-20 00:39:20 #19 type.registry] 
New type java.util.Vector<domain.Question>

[2020-10-20 00:39:20 #20 type.registry] 
New type java.util.Vector<java.lang.Object>

------------------------------------------------------------------------------------------------------------------------

[2020-10-20 00:48:16 #1 store] 
Database '/home/elene/Desktop/SI-bazpare/bets2021_zaharra-master.zip_expanded/bets2021_zaharra-master/Bets2021/src/main/resources/bets.temp' is opened by 8778@hppaviliongaming

[2020-10-20 00:48:16 #2 type.registry] 
New type domain.User

[2020-10-20 00:48:16 #3 type.registry] 
New type domain.RegisteredUser

[2020-10-20 00:48:16 #4 type] 
Type domain.User is not enhanced.

[2020-10-20 00:48:16 #5 type] 
Type domain.RegisteredUser is not enhanced.

[2020-10-20 00:48:16 #6 type.registry] 
New type domain.Movement

[2020-10-20 00:48:16 #7 type.registry] 
New type java.util.Vector<domain.Movement>

[2020-10-20 00:48:16 #8 type.registry] 
New type domain.Bet

[2020-10-20 00:48:16 #9 type.registry] 
New type java.util.Vector<domain.Bet>

[2020-10-20 00:48:16 #10 type] 
Type domain.Movement is not enhanced.

[2020-10-20 00:48:16 #11 type] 
Type domain.Bet is not enhanced.

[2020-10-20 00:48:16 #12 type.registry] 
New type domain.Fee

[2020-10-20 00:48:16 #13 type] 
Type domain.Fee is not enhanced.

[2020-10-20 00:48:16 #14 type.registry] 
New type domain.Question

[2020-10-20 00:48:16 #15 type] 
Type domain.Question is not enhanced.

[2020-10-20 00:48:16 #16 type.registry] 
New type java.util.Vector<domain.Fee>

[2020-10-20 00:48:16 #17 type.registry] 
New type domain.Event

[2020-10-20 00:48:16 #18 type] 
Type domain.Event is not enhanced.

[2020-10-20 00:48:16 #19 type.registry] 
New type java.util.Vector<domain.Question>

[2020-10-20 00:48:16 #20 type.registry] 
New type java.util.Vector<java.lang.Object>

------------------------------------------------------------------------------------------------------------------------

[2020-10-20 00:48:29 #1 store] 
Database '/home/elene/Desktop/SI-bazpare/bets2021_zaharra-master.zip_expanded/bets2021_zaharra-master/Bets2021/src/main/resources/bets.temp' is opened by 8812@hppaviliongaming

[2020-10-20 00:48:29 #2 type.registry] 
New type domain.User

[2020-10-20 00:48:29 #3 type.registry] 
New type domain.RegisteredUser

[2020-10-20 00:48:29 #4 type] 
Type domain.User is not enhanced.

[2020-10-20 00:48:29 #5 type] 
Type domain.RegisteredUser is not enhanced.

[2020-10-20 00:48:29 #6 type.registry] 
New type domain.Movement

[2020-10-20 00:48:29 #7 type.registry] 
New type java.util.Vector<domain.Movement>

[2020-10-20 00:48:29 #8 type.registry] 
New type domain.Bet

[2020-10-20 00:48:29 #9 type.registry] 
New type java.util.Vector<domain.Bet>

[2020-10-20 00:48:29 #10 type] 
Type domain.Movement is not enhanced.

[2020-10-20 00:48:29 #11 type] 
Type domain.Bet is not enhanced.

[2020-10-20 00:48:29 #12 type.registry] 
New type domain.Fee

[2020-10-20 00:48:29 #13 type] 
Type domain.Fee is not enhanced.

[2020-10-20 00:48:29 #14 type.registry] 
New type domain.Question

[2020-10-20 00:48:29 #15 type] 
Type domain.Question is not enhanced.

[2020-10-20 00:48:29 #16 type.registry] 
New type java.util.Vector<domain.Fee>

[2020-10-20 00:48:29 #17 type.registry] 
New type domain.Event

[2020-10-20 00:48:29 #18 type] 
Type domain.Event is not enhanced.

[2020-10-20 00:48:29 #19 type.registry] 
New type java.util.Vector<domain.Question>

[2020-10-20 00:48:29 #20 type.registry] 
New type java.util.Vector<java.lang.Object>

------------------------------------------------------------------------------------------------------------------------

[2020-10-20 00:53:05 #1 store] 
Database '/home/elene/Desktop/SI-bazpare/bets2021_zaharra-master.zip_expanded/bets2021_zaharra-master/Bets2021/src/main/resources/bets.temp' is opened by 9027@hppaviliongaming

[2020-10-20 00:53:05 #2 type.registry] 
New type domain.User

[2020-10-20 00:53:05 #3 type.registry] 
New type domain.RegisteredUser

[2020-10-20 00:53:05 #4 type] 
Type domain.User is not enhanced.

[2020-10-20 00:53:05 #5 type] 
Type domain.RegisteredUser is not enhanced.

[2020-10-20 00:53:05 #6 type.registry] 
New type domain.Movement

[2020-10-20 00:53:05 #7 type.registry] 
New type java.util.Vector<domain.Movement>

[2020-10-20 00:53:05 #8 type.registry] 
New type domain.Bet

[2020-10-20 00:53:05 #9 type.registry] 
New type java.util.Vector<domain.Bet>

[2020-10-20 00:53:05 #10 type] 
Type domain.Movement is not enhanced.

[2020-10-20 00:53:05 #11 type] 
Type domain.Bet is not enhanced.

[2020-10-20 00:53:05 #12 type.registry] 
New type domain.Fee

[2020-10-20 00:53:05 #13 type] 
Type domain.Fee is not enhanced.

[2020-10-20 00:53:05 #14 type.registry] 
New type domain.Question

[2020-10-20 00:53:05 #15 type] 
Type domain.Question is not enhanced.

[2020-10-20 00:53:05 #16 type.registry] 
New type java.util.Vector<domain.Fee>

[2020-10-20 00:53:05 #17 type.registry] 
New type domain.Event

[2020-10-20 00:53:05 #18 type] 
Type domain.Event is not enhanced.

[2020-10-20 00:53:05 #19 type.registry] 
New type java.util.Vector<domain.Question>

[2020-10-20 00:53:05 #20 type.registry] 
New type java.util.Vector<java.lang.Object>

------------------------------------------------------------------------------------------------------------------------

[2020-10-20 00:53:42 #1 store] 
Database '/home/elene/Desktop/SI-bazpare/bets2021_zaharra-master.zip_expanded/bets2021_zaharra-master/Bets2021/src/main/resources/bets.temp' is opened by 9112@hppaviliongaming

[2020-10-20 00:53:43 #2 type.registry] 
New type domain.User

[2020-10-20 00:53:43 #3 type.registry] 
New type domain.RegisteredUser

[2020-10-20 00:53:43 #4 type] 
Type domain.User is not enhanced.

[2020-10-20 00:53:43 #5 type] 
Type domain.RegisteredUser is not enhanced.

[2020-10-20 00:53:43 #6 type.registry] 
New type domain.Movement

[2020-10-20 00:53:43 #7 type.registry] 
New type java.util.Vector<domain.Movement>

[2020-10-20 00:53:43 #8 type.registry] 
New type domain.Bet

[2020-10-20 00:53:43 #9 type.registry] 
New type java.util.Vector<domain.Bet>

[2020-10-20 00:53:43 #10 type] 
Type domain.Movement is not enhanced.

[2020-10-20 00:53:43 #11 type] 
Type domain.Bet is not enhanced.

[2020-10-20 00:53:43 #12 type.registry] 
New type domain.Fee

[2020-10-20 00:53:43 #13 type] 
Type domain.Fee is not enhanced.

[2020-10-20 00:53:43 #14 type.registry] 
New type domain.Question

[2020-10-20 00:53:43 #15 type] 
Type domain.Question is not enhanced.

[2020-10-20 00:53:43 #16 type.registry] 
New type java.util.Vector<domain.Fee>

[2020-10-20 00:53:43 #17 type.registry] 
New type domain.Event

[2020-10-20 00:53:43 #18 type] 
Type domain.Event is not enhanced.

[2020-10-20 00:53:43 #19 type.registry] 
New type java.util.Vector<domain.Question>

[2020-10-20 00:53:43 #20 type.registry] 
New type java.util.Vector<java.lang.Object>

------------------------------------------------------------------------------------------------------------------------

[2020-10-20 00:53:59 #1 store] 
Database '/home/elene/Desktop/SI-bazpare/bets2021_zaharra-master.zip_expanded/bets2021_zaharra-master/Bets2021/src/main/resources/bets.temp' is opened by 9156@hppaviliongaming

[2020-10-20 00:53:59 #2 type.registry] 
New type domain.User

[2020-10-20 00:53:59 #3 type.registry] 
New type domain.RegisteredUser

[2020-10-20 00:53:59 #4 type] 
Type domain.User is not enhanced.

[2020-10-20 00:53:59 #5 type] 
Type domain.RegisteredUser is not enhanced.

[2020-10-20 00:53:59 #6 type.registry] 
New type domain.Movement

[2020-10-20 00:53:59 #7 type.registry] 
New type java.util.Vector<domain.Movement>

[2020-10-20 00:53:59 #8 type.registry] 
New type domain.Bet

[2020-10-20 00:53:59 #9 type.registry] 
New type java.util.Vector<domain.Bet>

[2020-10-20 00:53:59 #10 type] 
Type domain.Movement is not enhanced.

[2020-10-20 00:53:59 #11 type] 
Type domain.Bet is not enhanced.

[2020-10-20 00:53:59 #12 type.registry] 
New type domain.Fee

[2020-10-20 00:53:59 #13 type] 
Type domain.Fee is not enhanced.

[2020-10-20 00:53:59 #14 type.registry] 
New type domain.Question

[2020-10-20 00:53:59 #15 type] 
Type domain.Question is not enhanced.

[2020-10-20 00:53:59 #16 type.registry] 
New type java.util.Vector<domain.Fee>

[2020-10-20 00:53:59 #17 type.registry] 
New type domain.Event

[2020-10-20 00:53:59 #18 type] 
Type domain.Event is not enhanced.

[2020-10-20 00:53:59 #19 type.registry] 
New type java.util.Vector<domain.Question>

[2020-10-20 00:53:59 #20 type.registry] 
New type java.util.Vector<java.lang.Object>

------------------------------------------------------------------------------------------------------------------------

[2020-10-20 00:54:15 #1 store] 
Database '/home/elene/Desktop/SI-bazpare/bets2021_zaharra-master.zip_expanded/bets2021_zaharra-master/Bets2021/src/main/resources/bets.temp' is opened by 9202@hppaviliongaming

[2020-10-20 00:54:15 #2 type.registry] 
New type domain.User

[2020-10-20 00:54:15 #3 type.registry] 
New type domain.RegisteredUser

[2020-10-20 00:54:15 #4 type] 
Type domain.User is not enhanced.

[2020-10-20 00:54:15 #5 type] 
Type domain.RegisteredUser is not enhanced.

[2020-10-20 00:54:15 #6 type.registry] 
New type domain.Movement

[2020-10-20 00:54:15 #7 type.registry] 
New type java.util.Vector<domain.Movement>

[2020-10-20 00:54:15 #8 type.registry] 
New type domain.Bet

[2020-10-20 00:54:15 #9 type.registry] 
New type java.util.Vector<domain.Bet>

[2020-10-20 00:54:15 #10 type] 
Type domain.Movement is not enhanced.

[2020-10-20 00:54:15 #11 type] 
Type domain.Bet is not enhanced.

[2020-10-20 00:54:15 #12 type.registry] 
New type domain.Fee

[2020-10-20 00:54:15 #13 type] 
Type domain.Fee is not enhanced.

[2020-10-20 00:54:15 #14 type.registry] 
New type domain.Question

[2020-10-20 00:54:15 #15 type] 
Type domain.Question is not enhanced.

[2020-10-20 00:54:15 #16 type.registry] 
New type java.util.Vector<domain.Fee>

[2020-10-20 00:54:15 #17 type.registry] 
New type domain.Event

[2020-10-20 00:54:15 #18 type] 
Type domain.Event is not enhanced.

[2020-10-20 00:54:15 #19 type.registry] 
New type java.util.Vector<domain.Question>

[2020-10-20 00:54:15 #20 type.registry] 
New type java.util.Vector<java.lang.Object>

