------------------------------------------------------------------------------------------------------------------------

[2020-10-19 18:01:03 #1 store] 
Database '/home/elene/Desktop/SI-bazpare/bets2021_zaharra-master.zip_expanded/bets2021_zaharra-master/Bets2021/src/main/resources/bets.temp' is opened by 4959@hppaviliongaming

[2020-10-19 18:01:03 #2 type.registry] 
New type domain.Event

[2020-10-19 18:01:03 #3 type] 
Type domain.Event is not enhanced.

[2020-10-19 18:01:03 #4 type.registry] 
New type domain.Bet

[2020-10-19 18:01:03 #5 type.registry] 
New type java.util.Vector<domain.Bet>

[2020-10-19 18:01:03 #6 type.registry] 
New type domain.Question

[2020-10-19 18:01:03 #7 type.registry] 
New type java.util.Vector<domain.Question>

[2020-10-19 18:01:03 #8 type] 
Type domain.Bet is not enhanced.

[2020-10-19 18:01:03 #9 type.registry] 
New type domain.Fee

[2020-10-19 18:01:03 #10 type.registry] 
New type domain.User

[2020-10-19 18:01:03 #11 type.registry] 
New type domain.RegisteredUser

[2020-10-19 18:01:03 #12 type] 
Type domain.Question is not enhanced.

[2020-10-19 18:01:03 #13 type.registry] 
New type java.util.Vector<domain.Fee>

[2020-10-19 18:01:03 #14 type] 
Type domain.Fee is not enhanced.

[2020-10-19 18:01:03 #15 type] 
Type domain.User is not enhanced.

[2020-10-19 18:01:03 #16 type] 
Type domain.RegisteredUser is not enhanced.

[2020-10-19 18:01:03 #17 type.registry] 
New type domain.Movement

[2020-10-19 18:01:03 #18 type.registry] 
New type java.util.Vector<domain.Movement>

[2020-10-19 18:01:03 #19 type] 
Type domain.Movement is not enhanced.

[2020-10-19 18:01:03 #20 type.registry] 
New type domain.Admin

[2020-10-19 18:01:03 #21 type] 
Type domain.Admin is not enhanced.

[2020-10-19 18:01:03 #22 type.registry] 
New type java.util.Vector<java.lang.Object>

------------------------------------------------------------------------------------------------------------------------

[2020-10-19 18:02:52 #1 store] 
Database '/home/elene/Desktop/SI-bazpare/bets2021_zaharra-master.zip_expanded/bets2021_zaharra-master/Bets2021/src/main/resources/bets.temp' is opened by 5071@hppaviliongaming

[2020-10-19 18:02:53 #2 type.registry] 
New type domain.Event

[2020-10-19 18:02:53 #3 type] 
Type domain.Event is not enhanced.

[2020-10-19 18:02:53 #4 type.registry] 
New type domain.Bet

[2020-10-19 18:02:53 #5 type.registry] 
New type java.util.Vector<domain.Bet>

[2020-10-19 18:02:53 #6 type.registry] 
New type domain.Question

[2020-10-19 18:02:53 #7 type.registry] 
New type java.util.Vector<domain.Question>

[2020-10-19 18:02:53 #8 type] 
Type domain.Bet is not enhanced.

[2020-10-19 18:02:53 #9 type.registry] 
New type domain.Fee

[2020-10-19 18:02:53 #10 type.registry] 
New type domain.User

[2020-10-19 18:02:53 #11 type.registry] 
New type domain.RegisteredUser

[2020-10-19 18:02:53 #12 type] 
Type domain.Question is not enhanced.

[2020-10-19 18:02:53 #13 type.registry] 
New type java.util.Vector<domain.Fee>

[2020-10-19 18:02:53 #14 type] 
Type domain.Fee is not enhanced.

[2020-10-19 18:02:53 #15 type] 
Type domain.User is not enhanced.

[2020-10-19 18:02:53 #16 type] 
Type domain.RegisteredUser is not enhanced.

[2020-10-19 18:02:53 #17 type.registry] 
New type domain.Movement

[2020-10-19 18:02:53 #18 type.registry] 
New type java.util.Vector<domain.Movement>

[2020-10-19 18:02:53 #19 type] 
Type domain.Movement is not enhanced.

[2020-10-19 18:02:53 #20 type.registry] 
New type domain.Admin

[2020-10-19 18:02:53 #21 type] 
Type domain.Admin is not enhanced.

[2020-10-19 18:02:53 #22 type.registry] 
New type java.util.Vector<java.lang.Object>

------------------------------------------------------------------------------------------------------------------------

[2020-10-19 18:04:50 #1 store] 
Database '/home/elene/Desktop/SI-bazpare/bets2021_zaharra-master.zip_expanded/bets2021_zaharra-master/Bets2021/src/main/resources/bets.temp' is opened by 5146@hppaviliongaming

[2020-10-19 18:04:51 #2 type.registry] 
New type domain.Event

[2020-10-19 18:04:51 #3 type] 
Type domain.Event is not enhanced.

[2020-10-19 18:04:51 #4 type.registry] 
New type domain.Bet

[2020-10-19 18:04:51 #5 type.registry] 
New type java.util.Vector<domain.Bet>

[2020-10-19 18:04:51 #6 type.registry] 
New type domain.Question

[2020-10-19 18:04:51 #7 type.registry] 
New type java.util.Vector<domain.Question>

[2020-10-19 18:04:51 #8 type] 
Type domain.Bet is not enhanced.

[2020-10-19 18:04:51 #9 type.registry] 
New type domain.Fee

[2020-10-19 18:04:51 #10 type.registry] 
New type domain.User

[2020-10-19 18:04:51 #11 type.registry] 
New type domain.RegisteredUser

[2020-10-19 18:04:51 #12 type] 
Type domain.Question is not enhanced.

[2020-10-19 18:04:51 #13 type.registry] 
New type java.util.Vector<domain.Fee>

[2020-10-19 18:04:51 #14 type] 
Type domain.Fee is not enhanced.

[2020-10-19 18:04:51 #15 type] 
Type domain.User is not enhanced.

[2020-10-19 18:04:51 #16 type] 
Type domain.RegisteredUser is not enhanced.

[2020-10-19 18:04:51 #17 type.registry] 
New type domain.Movement

[2020-10-19 18:04:51 #18 type.registry] 
New type java.util.Vector<domain.Movement>

[2020-10-19 18:04:51 #19 type] 
Type domain.Movement is not enhanced.

[2020-10-19 18:04:51 #20 type.registry] 
New type domain.Admin

[2020-10-19 18:04:51 #21 type] 
Type domain.Admin is not enhanced.

[2020-10-19 18:04:51 #22 type.registry] 
New type java.util.Vector<java.lang.Object>

------------------------------------------------------------------------------------------------------------------------

[2020-10-19 22:09:53 #1 store] 
Database '/home/elene/Desktop/SI-bazpare/bets2021_zaharra-master.zip_expanded/bets2021_zaharra-master/Bets2021/src/main/resources/bets.temp' is opened by 10643@hppaviliongaming

[2020-10-19 22:09:53 #2 type.registry] 
New type domain.User

[2020-10-19 22:09:53 #3 type.registry] 
New type domain.RegisteredUser

[2020-10-19 22:09:53 #4 type] 
Type domain.User is not enhanced.

[2020-10-19 22:09:53 #5 type] 
Type domain.RegisteredUser is not enhanced.

[2020-10-19 22:09:53 #6 type.registry] 
New type domain.Movement

[2020-10-19 22:09:53 #7 type.registry] 
New type java.util.Vector<domain.Movement>

[2020-10-19 22:09:53 #8 type.registry] 
New type domain.Bet

[2020-10-19 22:09:53 #9 type.registry] 
New type java.util.Vector<domain.Bet>

[2020-10-19 22:09:53 #10 type] 
Type domain.Movement is not enhanced.

[2020-10-19 22:09:53 #11 type] 
Type domain.Bet is not enhanced.

[2020-10-19 22:09:53 #12 type.registry] 
New type domain.Fee

[2020-10-19 22:09:53 #13 type] 
Type domain.Fee is not enhanced.

[2020-10-19 22:09:53 #14 type.registry] 
New type domain.Question

[2020-10-19 22:09:53 #15 type] 
Type domain.Question is not enhanced.

[2020-10-19 22:09:53 #16 type.registry] 
New type java.util.Vector<domain.Fee>

[2020-10-19 22:09:53 #17 type.registry] 
New type domain.Event

[2020-10-19 22:09:53 #18 type] 
Type domain.Event is not enhanced.

[2020-10-19 22:09:53 #19 type.registry] 
New type java.util.Vector<domain.Question>

[2020-10-19 22:09:53 #20 type.registry] 
New type java.util.Vector<java.lang.Object>

------------------------------------------------------------------------------------------------------------------------

[2020-10-19 22:12:37 #1 store] 
Database '/home/elene/Desktop/SI-bazpare/bets2021_zaharra-master.zip_expanded/bets2021_zaharra-master/Bets2021/src/main/resources/bets.temp' is opened by 10792@hppaviliongaming

[2020-10-19 22:12:37 #2 type.registry] 
New type domain.User

[2020-10-19 22:12:37 #3 type.registry] 
New type domain.RegisteredUser

[2020-10-19 22:12:37 #4 type] 
Type domain.User is not enhanced.

[2020-10-19 22:12:37 #5 type] 
Type domain.RegisteredUser is not enhanced.

[2020-10-19 22:12:37 #6 type.registry] 
New type domain.Movement

[2020-10-19 22:12:37 #7 type.registry] 
New type java.util.Vector<domain.Movement>

[2020-10-19 22:12:37 #8 type.registry] 
New type domain.Bet

[2020-10-19 22:12:37 #9 type.registry] 
New type java.util.Vector<domain.Bet>

[2020-10-19 22:12:37 #10 type] 
Type domain.Movement is not enhanced.

[2020-10-19 22:12:37 #11 type] 
Type domain.Bet is not enhanced.

[2020-10-19 22:12:37 #12 type.registry] 
New type domain.Fee

[2020-10-19 22:12:37 #13 type] 
Type domain.Fee is not enhanced.

[2020-10-19 22:12:37 #14 type.registry] 
New type domain.Question

[2020-10-19 22:12:37 #15 type] 
Type domain.Question is not enhanced.

[2020-10-19 22:12:37 #16 type.registry] 
New type java.util.Vector<domain.Fee>

[2020-10-19 22:12:37 #17 type.registry] 
New type domain.Event

[2020-10-19 22:12:37 #18 type] 
Type domain.Event is not enhanced.

[2020-10-19 22:12:37 #19 type.registry] 
New type java.util.Vector<domain.Question>

[2020-10-19 22:12:37 #20 type.registry] 
New type java.util.Vector<java.lang.Object>

------------------------------------------------------------------------------------------------------------------------

[2020-10-19 22:14:11 #1 store] 
Database '/home/elene/Desktop/SI-bazpare/bets2021_zaharra-master.zip_expanded/bets2021_zaharra-master/Bets2021/src/main/resources/bets.temp' is opened by 10851@hppaviliongaming

[2020-10-19 22:14:11 #2 type.registry] 
New type domain.Event

[2020-10-19 22:14:11 #3 type] 
Type domain.Event is not enhanced.

[2020-10-19 22:14:11 #4 type.registry] 
New type domain.Bet

[2020-10-19 22:14:11 #5 type.registry] 
New type java.util.Vector<domain.Bet>

[2020-10-19 22:14:11 #6 type.registry] 
New type domain.Question

[2020-10-19 22:14:11 #7 type.registry] 
New type java.util.Vector<domain.Question>

[2020-10-19 22:14:11 #8 type] 
Type domain.Bet is not enhanced.

[2020-10-19 22:14:11 #9 type.registry] 
New type domain.Fee

[2020-10-19 22:14:11 #10 type.registry] 
New type domain.User

[2020-10-19 22:14:11 #11 type.registry] 
New type domain.RegisteredUser

[2020-10-19 22:14:11 #12 type] 
Type domain.Question is not enhanced.

[2020-10-19 22:14:11 #13 type.registry] 
New type java.util.Vector<domain.Fee>

[2020-10-19 22:14:11 #14 type] 
Type domain.Fee is not enhanced.

[2020-10-19 22:14:11 #15 type] 
Type domain.User is not enhanced.

[2020-10-19 22:14:11 #16 type] 
Type domain.RegisteredUser is not enhanced.

[2020-10-19 22:14:11 #17 type.registry] 
New type domain.Movement

[2020-10-19 22:14:11 #18 type.registry] 
New type java.util.Vector<domain.Movement>

[2020-10-19 22:14:11 #19 type] 
Type domain.Movement is not enhanced.

[2020-10-19 22:14:11 #20 type.registry] 
New type java.util.Vector<java.lang.Object>

------------------------------------------------------------------------------------------------------------------------

[2020-10-19 22:14:17 #1 store] 
Database '/home/elene/Desktop/SI-bazpare/bets2021_zaharra-master.zip_expanded/bets2021_zaharra-master/Bets2021/src/main/resources/bets.temp' is opened by 10882@hppaviliongaming

[2020-10-19 22:14:18 #2 type.registry] 
New type domain.User

[2020-10-19 22:14:18 #3 type.registry] 
New type domain.RegisteredUser

[2020-10-19 22:14:18 #4 type] 
Type domain.User is not enhanced.

[2020-10-19 22:14:18 #5 type] 
Type domain.RegisteredUser is not enhanced.

[2020-10-19 22:14:18 #6 type.registry] 
New type domain.Movement

[2020-10-19 22:14:18 #7 type.registry] 
New type java.util.Vector<domain.Movement>

[2020-10-19 22:14:18 #8 type.registry] 
New type domain.Bet

[2020-10-19 22:14:18 #9 type.registry] 
New type java.util.Vector<domain.Bet>

[2020-10-19 22:14:18 #10 type] 
Type domain.Movement is not enhanced.

[2020-10-19 22:14:18 #11 type] 
Type domain.Bet is not enhanced.

[2020-10-19 22:14:18 #12 type.registry] 
New type domain.Fee

[2020-10-19 22:14:18 #13 type] 
Type domain.Fee is not enhanced.

[2020-10-19 22:14:18 #14 type.registry] 
New type domain.Question

[2020-10-19 22:14:18 #15 type] 
Type domain.Question is not enhanced.

[2020-10-19 22:14:18 #16 type.registry] 
New type java.util.Vector<domain.Fee>

[2020-10-19 22:14:18 #17 type.registry] 
New type domain.Event

[2020-10-19 22:14:18 #18 type] 
Type domain.Event is not enhanced.

[2020-10-19 22:14:18 #19 type.registry] 
New type java.util.Vector<domain.Question>

[2020-10-19 22:14:18 #20 type.registry] 
New type java.util.Vector<java.lang.Object>

------------------------------------------------------------------------------------------------------------------------

[2020-10-19 22:20:33 #1 store] 
Database '/home/elene/Desktop/SI-bazpare/bets2021_zaharra-master.zip_expanded/bets2021_zaharra-master/Bets2021/src/main/resources/bets.temp' is opened by 11112@hppaviliongaming

[2020-10-19 22:20:33 #2 type.registry] 
New type domain.User

[2020-10-19 22:20:33 #3 type.registry] 
New type domain.RegisteredUser

[2020-10-19 22:20:33 #4 type] 
Type domain.User is not enhanced.

[2020-10-19 22:20:33 #5 type] 
Type domain.RegisteredUser is not enhanced.

[2020-10-19 22:20:33 #6 type.registry] 
New type domain.Movement

[2020-10-19 22:20:33 #7 type.registry] 
New type java.util.Vector<domain.Movement>

[2020-10-19 22:20:33 #8 type.registry] 
New type domain.Bet

[2020-10-19 22:20:33 #9 type.registry] 
New type java.util.Vector<domain.Bet>

[2020-10-19 22:20:33 #10 type] 
Type domain.Movement is not enhanced.

[2020-10-19 22:20:33 #11 type] 
Type domain.Bet is not enhanced.

[2020-10-19 22:20:33 #12 type.registry] 
New type domain.Fee

[2020-10-19 22:20:33 #13 type] 
Type domain.Fee is not enhanced.

[2020-10-19 22:20:33 #14 type.registry] 
New type domain.Question

[2020-10-19 22:20:33 #15 type] 
Type domain.Question is not enhanced.

[2020-10-19 22:20:33 #16 type.registry] 
New type java.util.Vector<domain.Fee>

[2020-10-19 22:20:33 #17 type.registry] 
New type domain.Event

[2020-10-19 22:20:33 #18 type] 
Type domain.Event is not enhanced.

[2020-10-19 22:20:33 #19 type.registry] 
New type java.util.Vector<domain.Question>

[2020-10-19 22:20:33 #20 type.registry] 
New type java.util.Vector<java.lang.Object>

------------------------------------------------------------------------------------------------------------------------

[2020-10-19 22:20:36 #1 store] 
Database '/home/elene/Desktop/SI-bazpare/bets2021_zaharra-master.zip_expanded/bets2021_zaharra-master/Bets2021/src/main/resources/bets.temp' is opened by 11142@hppaviliongaming

[2020-10-19 22:20:36 #2 type.registry] 
New type domain.User

[2020-10-19 22:20:36 #3 type.registry] 
New type domain.RegisteredUser

[2020-10-19 22:20:36 #4 type] 
Type domain.User is not enhanced.

[2020-10-19 22:20:36 #5 type] 
Type domain.RegisteredUser is not enhanced.

[2020-10-19 22:20:36 #6 type.registry] 
New type domain.Movement

[2020-10-19 22:20:36 #7 type.registry] 
New type java.util.Vector<domain.Movement>

[2020-10-19 22:20:36 #8 type.registry] 
New type domain.Bet

[2020-10-19 22:20:36 #9 type.registry] 
New type java.util.Vector<domain.Bet>

[2020-10-19 22:20:36 #10 type] 
Type domain.Movement is not enhanced.

[2020-10-19 22:20:36 #11 type] 
Type domain.Bet is not enhanced.

[2020-10-19 22:20:36 #12 type.registry] 
New type domain.Fee

[2020-10-19 22:20:36 #13 type] 
Type domain.Fee is not enhanced.

[2020-10-19 22:20:36 #14 type.registry] 
New type domain.Question

[2020-10-19 22:20:36 #15 type] 
Type domain.Question is not enhanced.

[2020-10-19 22:20:36 #16 type.registry] 
New type java.util.Vector<domain.Fee>

[2020-10-19 22:20:36 #17 type.registry] 
New type domain.Event

[2020-10-19 22:20:36 #18 type] 
Type domain.Event is not enhanced.

[2020-10-19 22:20:36 #19 type.registry] 
New type java.util.Vector<domain.Question>

[2020-10-19 22:20:36 #20 type.registry] 
New type java.util.Vector<java.lang.Object>

------------------------------------------------------------------------------------------------------------------------

[2020-10-19 22:23:51 #1 store] 
Database '/home/elene/Desktop/SI-bazpare/bets2021_zaharra-master.zip_expanded/bets2021_zaharra-master/Bets2021/src/main/resources/bets.temp' is opened by 11280@hppaviliongaming

[2020-10-19 22:23:52 #2 type.registry] 
New type domain.User

[2020-10-19 22:23:52 #3 type.registry] 
New type domain.RegisteredUser

[2020-10-19 22:23:52 #4 type] 
Type domain.User is not enhanced.

[2020-10-19 22:23:52 #5 type] 
Type domain.RegisteredUser is not enhanced.

[2020-10-19 22:23:52 #6 type.registry] 
New type domain.Movement

[2020-10-19 22:23:52 #7 type.registry] 
New type java.util.Vector<domain.Movement>

[2020-10-19 22:23:52 #8 type.registry] 
New type domain.Bet

[2020-10-19 22:23:52 #9 type.registry] 
New type java.util.Vector<domain.Bet>

[2020-10-19 22:23:52 #10 type] 
Type domain.Movement is not enhanced.

[2020-10-19 22:23:52 #11 type] 
Type domain.Bet is not enhanced.

[2020-10-19 22:23:52 #12 type.registry] 
New type domain.Fee

[2020-10-19 22:23:52 #13 type] 
Type domain.Fee is not enhanced.

[2020-10-19 22:23:52 #14 type.registry] 
New type domain.Question

[2020-10-19 22:23:52 #15 type] 
Type domain.Question is not enhanced.

[2020-10-19 22:23:52 #16 type.registry] 
New type java.util.Vector<domain.Fee>

[2020-10-19 22:23:52 #17 type.registry] 
New type domain.Event

[2020-10-19 22:23:52 #18 type] 
Type domain.Event is not enhanced.

[2020-10-19 22:23:52 #19 type.registry] 
New type java.util.Vector<domain.Question>

[2020-10-19 22:23:52 #20 type.registry] 
New type java.util.Vector<java.lang.Object>

------------------------------------------------------------------------------------------------------------------------

[2020-10-19 23:17:26 #1 store] 
Database '/home/elene/Desktop/SI-bazpare/bets2021_zaharra-master.zip_expanded/bets2021_zaharra-master/Bets2021/src/main/resources/bets.temp' is opened by 3876@hppaviliongaming

[2020-10-19 23:17:26 #2 type.registry] 
New type domain.Event

[2020-10-19 23:17:26 #3 type] 
Type domain.Event is not enhanced.

[2020-10-19 23:17:26 #4 type.registry] 
New type domain.Bet

[2020-10-19 23:17:26 #5 type.registry] 
New type java.util.Vector<domain.Bet>

[2020-10-19 23:17:26 #6 type.registry] 
New type domain.Question

[2020-10-19 23:17:26 #7 type.registry] 
New type java.util.Vector<domain.Question>

[2020-10-19 23:17:26 #8 type] 
Type domain.Bet is not enhanced.

[2020-10-19 23:17:26 #9 type.registry] 
New type domain.Fee

[2020-10-19 23:17:26 #10 type.registry] 
New type domain.User

[2020-10-19 23:17:26 #11 type.registry] 
New type domain.RegisteredUser

[2020-10-19 23:17:26 #12 type] 
Type domain.Question is not enhanced.

[2020-10-19 23:17:26 #13 type.registry] 
New type java.util.Vector<domain.Fee>

[2020-10-19 23:17:26 #14 type] 
Type domain.Fee is not enhanced.

[2020-10-19 23:17:26 #15 type] 
Type domain.User is not enhanced.

[2020-10-19 23:17:26 #16 type] 
Type domain.RegisteredUser is not enhanced.

[2020-10-19 23:17:26 #17 type.registry] 
New type domain.Movement

[2020-10-19 23:17:26 #18 type.registry] 
New type java.util.Vector<domain.Movement>

[2020-10-19 23:17:26 #19 type] 
Type domain.Movement is not enhanced.

[2020-10-19 23:17:26 #20 type.registry] 
New type domain.Admin

[2020-10-19 23:17:26 #21 type] 
Type domain.Admin is not enhanced.

[2020-10-19 23:17:26 #22 type.registry] 
New type java.util.Vector<java.lang.Object>

------------------------------------------------------------------------------------------------------------------------

[2020-10-19 23:41:16 #1 store] 
Database '/home/elene/Desktop/SI-bazpare/bets2021_zaharra-master.zip_expanded/bets2021_zaharra-master/Bets2021/src/main/resources/bets.temp' is opened by 4944@hppaviliongaming

[2020-10-19 23:41:16 #2 type.registry] 
New type domain.Event

[2020-10-19 23:41:16 #3 type] 
Type domain.Event is not enhanced.

[2020-10-19 23:41:16 #4 type.registry] 
New type domain.Bet

[2020-10-19 23:41:16 #5 type.registry] 
New type java.util.Vector<domain.Bet>

[2020-10-19 23:41:16 #6 type.registry] 
New type domain.Question

[2020-10-19 23:41:16 #7 type.registry] 
New type java.util.Vector<domain.Question>

[2020-10-19 23:41:16 #8 type] 
Type domain.Bet is not enhanced.

[2020-10-19 23:41:16 #9 type.registry] 
New type domain.Fee

[2020-10-19 23:41:16 #10 type.registry] 
New type domain.User

[2020-10-19 23:41:16 #11 type.registry] 
New type domain.RegisteredUser

[2020-10-19 23:41:16 #12 type] 
Type domain.Question is not enhanced.

[2020-10-19 23:41:16 #13 type.registry] 
New type java.util.Vector<domain.Fee>

[2020-10-19 23:41:16 #14 type] 
Type domain.Fee is not enhanced.

[2020-10-19 23:41:16 #15 type] 
Type domain.User is not enhanced.

[2020-10-19 23:41:16 #16 type] 
Type domain.RegisteredUser is not enhanced.

[2020-10-19 23:41:16 #17 type.registry] 
New type domain.Movement

[2020-10-19 23:41:16 #18 type.registry] 
New type java.util.Vector<domain.Movement>

[2020-10-19 23:41:16 #19 type] 
Type domain.Movement is not enhanced.

[2020-10-19 23:41:16 #20 type.registry] 
New type java.util.Vector<java.lang.Object>

[2020-10-19 23:41:16 #21 type.registry] 
New type domain.Admin

[2020-10-19 23:41:16 #22 type] 
Type domain.Admin is not enhanced.

------------------------------------------------------------------------------------------------------------------------

[2020-10-19 23:59:20 #1 store] 
Database '/home/elene/Desktop/SI-bazpare/bets2021_zaharra-master.zip_expanded/bets2021_zaharra-master/Bets2021/src/main/resources/bets.temp' is opened by 5747@hppaviliongaming

[2020-10-19 23:59:20 #2 type.registry] 
New type domain.Event

[2020-10-19 23:59:20 #3 type] 
Type domain.Event is not enhanced.

[2020-10-19 23:59:20 #4 type.registry] 
New type domain.Bet

[2020-10-19 23:59:20 #5 type.registry] 
New type java.util.Vector<domain.Bet>

[2020-10-19 23:59:20 #6 type.registry] 
New type domain.Question

[2020-10-19 23:59:20 #7 type.registry] 
New type java.util.Vector<domain.Question>

[2020-10-19 23:59:20 #8 type] 
Type domain.Bet is not enhanced.

[2020-10-19 23:59:20 #9 type.registry] 
New type domain.Fee

[2020-10-19 23:59:20 #10 type.registry] 
New type domain.User

[2020-10-19 23:59:20 #11 type.registry] 
New type domain.RegisteredUser

[2020-10-19 23:59:20 #12 type] 
Type domain.Question is not enhanced.

[2020-10-19 23:59:20 #13 type.registry] 
New type java.util.Vector<domain.Fee>

[2020-10-19 23:59:20 #14 type] 
Type domain.Fee is not enhanced.

[2020-10-19 23:59:20 #15 type] 
Type domain.User is not enhanced.

[2020-10-19 23:59:20 #16 type] 
Type domain.RegisteredUser is not enhanced.

[2020-10-19 23:59:20 #17 type.registry] 
New type domain.Movement

[2020-10-19 23:59:20 #18 type.registry] 
New type java.util.Vector<domain.Movement>

[2020-10-19 23:59:20 #19 type] 
Type domain.Movement is not enhanced.

[2020-10-19 23:59:20 #20 type.registry] 
New type java.util.Vector<java.lang.Object>

------------------------------------------------------------------------------------------------------------------------

[2020-10-19 23:59:43 #1 store] 
Database '/home/elene/Desktop/SI-bazpare/bets2021_zaharra-master.zip_expanded/bets2021_zaharra-master/Bets2021/src/main/resources/bets.temp' is opened by 5798@hppaviliongaming

[2020-10-19 23:59:43 #2 type.registry] 
New type domain.User

[2020-10-19 23:59:43 #3 type.registry] 
New type domain.RegisteredUser

[2020-10-19 23:59:43 #4 type] 
Type domain.User is not enhanced.

[2020-10-19 23:59:43 #5 type] 
Type domain.RegisteredUser is not enhanced.

[2020-10-19 23:59:43 #6 type.registry] 
New type domain.Movement

[2020-10-19 23:59:43 #7 type.registry] 
New type java.util.Vector<domain.Movement>

[2020-10-19 23:59:43 #8 type.registry] 
New type domain.Bet

[2020-10-19 23:59:43 #9 type.registry] 
New type java.util.Vector<domain.Bet>

[2020-10-19 23:59:43 #10 type] 
Type domain.Movement is not enhanced.

[2020-10-19 23:59:43 #11 type] 
Type domain.Bet is not enhanced.

[2020-10-19 23:59:43 #12 type.registry] 
New type domain.Fee

[2020-10-19 23:59:43 #13 type] 
Type domain.Fee is not enhanced.

[2020-10-19 23:59:43 #14 type.registry] 
New type domain.Question

[2020-10-19 23:59:43 #15 type] 
Type domain.Question is not enhanced.

[2020-10-19 23:59:43 #16 type.registry] 
New type java.util.Vector<domain.Fee>

[2020-10-19 23:59:43 #17 type.registry] 
New type domain.Event

[2020-10-19 23:59:43 #18 type] 
Type domain.Event is not enhanced.

[2020-10-19 23:59:43 #19 type.registry] 
New type java.util.Vector<domain.Question>

[2020-10-19 23:59:43 #20 type.registry] 
New type java.util.Vector<java.lang.Object>

