------------------------------------------------------------------------------------------------------------------------

[2020-10-25 18:04:03 #1 store] 
Database '/home/elene/Desktop/SI-bazpare/bets2021_zaharra-master.zip_expanded/bets2021_zaharra-master/Bets2021/src/main/resources/bets.temp' is opened by 3657@hppaviliongaming

[2020-10-25 18:04:03 #2 type.registry] 
New type domain.User

[2020-10-25 18:04:03 #3 type.registry] 
New type domain.RegisteredUser

[2020-10-25 18:04:03 #4 type] 
Type domain.User is not enhanced.

[2020-10-25 18:04:03 #5 type] 
Type domain.RegisteredUser is not enhanced.

[2020-10-25 18:04:03 #6 type.registry] 
New type domain.Movement

[2020-10-25 18:04:03 #7 type.registry] 
New type java.util.Vector<domain.Movement>

[2020-10-25 18:04:03 #8 type.registry] 
New type domain.Bet

[2020-10-25 18:04:03 #9 type.registry] 
New type java.util.Vector<domain.Bet>

[2020-10-25 18:04:03 #10 type] 
Type domain.Movement is not enhanced.

[2020-10-25 18:04:03 #11 type] 
Type domain.Bet is not enhanced.

[2020-10-25 18:04:03 #12 type.registry] 
New type domain.Fee

[2020-10-25 18:04:03 #13 type] 
Type domain.Fee is not enhanced.

[2020-10-25 18:04:03 #14 type.registry] 
New type domain.Question

[2020-10-25 18:04:03 #15 type] 
Type domain.Question is not enhanced.

[2020-10-25 18:04:03 #16 type.registry] 
New type java.util.Vector<domain.Fee>

[2020-10-25 18:04:03 #17 type.registry] 
New type domain.Event

[2020-10-25 18:04:03 #18 type] 
Type domain.Event is not enhanced.

[2020-10-25 18:04:03 #19 type.registry] 
New type java.util.Vector<domain.Question>

[2020-10-25 18:04:03 #20 type.registry] 
New type java.util.Vector<java.lang.Object>

------------------------------------------------------------------------------------------------------------------------

[2020-10-25 23:12:00 #1 store] 
Database '/home/elene/Desktop/SI-bazpare/bets2021_zaharra-master.zip_expanded/bets2021_zaharra-master/Bets2021/src/main/resources/bets.temp' is opened by 7832@hppaviliongaming

[2020-10-25 23:12:00 #2 type.registry] 
New type domain.Event

[2020-10-25 23:12:00 #3 type] 
Type domain.Event is not enhanced.

[2020-10-25 23:12:00 #4 type.registry] 
New type domain.Question

[2020-10-25 23:12:00 #5 type.registry] 
New type java.util.Vector<domain.Question>

[2020-10-25 23:12:00 #6 type.registry] 
New type domain.EventProduct

[2020-10-25 23:12:00 #7 type] 
Type domain.Question is not enhanced.

[2020-10-25 23:12:00 #8 type.registry] 
New type domain.Fee

[2020-10-25 23:12:00 #9 type.registry] 
New type java.util.Vector<domain.Fee>

[2020-10-25 23:12:00 #10 type] 
Type domain.Fee is not enhanced.

[2020-10-25 23:12:00 #11 type.registry] 
New type domain.Bet

[2020-10-25 23:12:00 #12 type.registry] 
New type java.util.Vector<domain.Bet>

[2020-10-25 23:12:00 #13 type] 
Type domain.Bet is not enhanced.

[2020-10-25 23:12:00 #14 type.registry] 
New type domain.User

[2020-10-25 23:12:00 #15 type.registry] 
New type domain.RegisteredUser

[2020-10-25 23:12:00 #16 type] 
Type domain.User is not enhanced.

[2020-10-25 23:12:00 #17 type] 
Type domain.RegisteredUser is not enhanced.

[2020-10-25 23:12:00 #18 type.registry] 
New type domain.Movement

[2020-10-25 23:12:00 #19 type.registry] 
New type java.util.Vector<domain.Movement>

[2020-10-25 23:12:00 #20 type] 
Type domain.Movement is not enhanced.

[2020-10-25 23:12:00 #21 type.registry] 
New type java.util.Vector<java.lang.Object>

[2020-10-25 23:12:00 #22 type.registry] 
New type domain.Admin

[2020-10-25 23:12:00 #23 type] 
Type domain.Admin is not enhanced.

