------------------------------------------------------------------------------------------------------------------------

[2020-10-27 11:59:43 #1 store] 
Database '/home/elene/Desktop/SI-bazpare/bets2021_zaharra-master.zip_expanded/bets2021_zaharra-master/Bets2021/src/main/resources/bets.temp' is opened by 2624@hppaviliongaming

[2020-10-27 11:59:43 #2 type.registry] 
New type domain.Event

[2020-10-27 11:59:43 #3 type] 
Type domain.Event is not enhanced.

[2020-10-27 11:59:43 #4 type.registry] 
New type domain.Question

[2020-10-27 11:59:43 #5 type.registry] 
New type java.util.Vector<domain.Question>

[2020-10-27 11:59:43 #6 type.registry] 
New type domain.Bet

[2020-10-27 11:59:43 #7 type.registry] 
New type java.util.Vector<domain.Bet>

[2020-10-27 11:59:43 #8 type] 
Type domain.Question is not enhanced.

[2020-10-27 11:59:43 #9 type.registry] 
New type domain.Fee

[2020-10-27 11:59:43 #10 type.registry] 
New type java.util.Vector<domain.Fee>

[2020-10-27 11:59:43 #11 type] 
Type domain.Bet is not enhanced.

[2020-10-27 11:59:43 #12 type.registry] 
New type domain.User

[2020-10-27 11:59:43 #13 type.registry] 
New type domain.RegisteredUser

[2020-10-27 11:59:43 #14 type] 
Type domain.Fee is not enhanced.

[2020-10-27 11:59:43 #15 type] 
Type domain.User is not enhanced.

[2020-10-27 11:59:43 #16 type] 
Type domain.RegisteredUser is not enhanced.

[2020-10-27 11:59:43 #17 type.registry] 
New type domain.Movement

[2020-10-27 11:59:43 #18 type.registry] 
New type java.util.Vector<domain.Movement>

[2020-10-27 11:59:43 #19 type] 
Type domain.Movement is not enhanced.

[2020-10-27 11:59:43 #20 type.registry] 
New type java.util.Vector<java.lang.Object>

[2020-10-27 11:59:43 #21 type.registry] 
New type domain.Admin

[2020-10-27 11:59:43 #22 type] 
Type domain.Admin is not enhanced.

------------------------------------------------------------------------------------------------------------------------

[2020-10-27 12:02:48 #1 store] 
Database '/home/elene/Desktop/SI-bazpare/bets2021_zaharra-master.zip_expanded/bets2021_zaharra-master/Bets2021/src/main/resources/bets.temp' is opened by 2766@hppaviliongaming

[2020-10-27 12:02:48 #2 type.registry] 
New type domain.Event

[2020-10-27 12:02:48 #3 type] 
Type domain.Event is not enhanced.

[2020-10-27 12:02:48 #4 type.registry] 
New type domain.Question

[2020-10-27 12:02:48 #5 type.registry] 
New type java.util.Vector<domain.Question>

[2020-10-27 12:02:48 #6 type.registry] 
New type domain.Bet

[2020-10-27 12:02:48 #7 type.registry] 
New type java.util.Vector<domain.Bet>

[2020-10-27 12:02:48 #8 type] 
Type domain.Question is not enhanced.

[2020-10-27 12:02:48 #9 type.registry] 
New type domain.Fee

[2020-10-27 12:02:48 #10 type.registry] 
New type java.util.Vector<domain.Fee>

[2020-10-27 12:02:48 #11 type] 
Type domain.Bet is not enhanced.

[2020-10-27 12:02:48 #12 type.registry] 
New type domain.User

[2020-10-27 12:02:48 #13 type.registry] 
New type domain.RegisteredUser

[2020-10-27 12:02:48 #14 type] 
Type domain.Fee is not enhanced.

[2020-10-27 12:02:48 #15 type] 
Type domain.User is not enhanced.

[2020-10-27 12:02:48 #16 type] 
Type domain.RegisteredUser is not enhanced.

[2020-10-27 12:02:48 #17 type.registry] 
New type domain.Movement

[2020-10-27 12:02:48 #18 type.registry] 
New type java.util.Vector<domain.Movement>

[2020-10-27 12:02:48 #19 type] 
Type domain.Movement is not enhanced.

[2020-10-27 12:02:48 #20 type.registry] 
New type java.util.Vector<java.lang.Object>

[2020-10-27 12:02:49 #21 type.registry] 
New type domain.Admin

[2020-10-27 12:02:49 #22 type] 
Type domain.Admin is not enhanced.

